10/04 08:21:15 PM | Args: Namespace(lr=0.05, epochs=200, batch_size=256, save_dir='./result_e2e_datadriven', dataset_path='/home/dancer/wxr_code/e2e_prune/data', gpu_id='4', alpha_final=0.2, w_params_final=1.0, w_params_anneal_epochs=75, target_static_params_ratio=0.72, warmup_epochs=50, annealing_epochs_pct=0.7, dynamic_rate_start=0.7, dynamic_rate_end=0.7, gate_threshold=0.1, backbone='resnet50', bottleneck_strategy='B', target_flops_ratio=0.47)
10/04 08:21:17 PM | ==> Building full-size resnet50 for training and target calculation...
10/04 08:21:19 PM | ==> Accurately calculating FLOPs breakdown from a clean, original model...
10/04 08:21:21 PM | ==> FLOPs Sanity Check:
10/04 08:21:21 PM |   - Total FLOPs by Global Profile (Authoritative): 1562.101 M
10/04 08:21:21 PM |   - Total FLOPs by Sum of Parts:                 1562.066 M
10/04 08:21:21 PM |   - Discrepancy: 0.00%
10/04 08:21:21 PM | ==> [DEBUG] FLOPs Breakdown Details:
10/04 08:21:21 PM |   - [CoreOnly e2e]    1311.594 M
10/04 08:21:21 PM |   - [Global-Overhead] 1311.594 M
10/04 08:21:21 PM |   - [CoreOnly - SumScalable] 0.035 M
10/04 08:21:21 PM |   - Input to layer1: (C,H,W)=(64,32,32)
10/04 08:21:21 PM |   - Input to layer2: (C,H,W)=(256,32,32)
10/04 08:21:21 PM |   - Input to layer3: (C,H,W)=(512,16,16)
10/04 08:21:21 PM |   - Input to layer4: (C,H,W)=(1024,8,8)
10/04 08:21:21 PM |   - conv1+bn1 FLOPs: 2.032 M
10/04 08:21:21 PM |   - layer1 FLOPs:     223.871 M
10/04 08:21:21 PM |   - layer2 FLOPs:     339.608 M
10/04 08:21:21 PM |   - layer3 FLOPs:     480.969 M
10/04 08:21:21 PM |   - layer4 FLOPs:     265.060 M
10/04 08:21:21 PM |   - fc FLOPs:         0.020 M
10/04 08:21:21 PM |   - Scalable total:   1311.560 M
10/04 08:21:21 PM |   - layer1 has 3 blocks; per-block FLOPs (M): [78.119, 72.876, 72.876]
10/04 08:21:21 PM |     per-block inputs (C,H,W): [(64, 32, 32), (256, 32, 32), (256, 32, 32)]
10/04 08:21:21 PM |     layer1 sum by blocks (M): 223.871
10/04 08:21:21 PM |   - layer2 has 4 blocks; per-block FLOPs (M): [123.339, 72.09, 72.09, 72.09]
10/04 08:21:21 PM |     per-block inputs (C,H,W): [(256, 32, 32), (512, 16, 16), (512, 16, 16), (512, 16, 16)]
10/04 08:21:21 PM |     layer2 sum by blocks (M): 339.608
10/04 08:21:21 PM |   - layer3 has 6 blocks; per-block FLOPs (M): [122.487, 71.696, 71.696, 71.696, 71.696, 71.696]
10/04 08:21:21 PM |     per-block inputs (C,H,W): [(512, 16, 16), (1024, 8, 8), (1024, 8, 8), (1024, 8, 8), (1024, 8, 8), (1024, 8, 8)]
10/04 08:21:21 PM |     layer3 sum by blocks (M): 480.969
10/04 08:21:21 PM |   - layer4 has 3 blocks; per-block FLOPs (M): [122.061, 71.5, 71.5]
10/04 08:21:21 PM |     per-block inputs (C,H,W): [(1024, 8, 8), (2048, 4, 4), (2048, 4, 4)]
10/04 08:21:21 PM |     layer4 sum by blocks (M): 265.060
10/04 08:21:21 PM |   - Overhead:gating   10.689 M
10/04 08:21:21 PM |   - Overhead:static   2.253 M
10/04 08:21:21 PM |   - Overhead:aux      51.937 M
10/04 08:21:21 PM |   - Overhead:budget   0.001 M
10/04 08:21:21 PM |   - Overhead:misc     185.627 M
10/04 08:21:21 PM |   - Overhead total:   250.507 M
10/04 08:21:21 PM |   - Sum (Scalable+Overhead): 1562.066 M
10/04 08:21:21 PM | ==> Final FLOPs Targets:
10/04 08:21:21 PM |   - Max Theoretical FLOPs: 1562.10 M
10/04 08:21:21 PM |   - Target Total FLOPs (47.0%): 734.19 M
10/04 08:21:21 PM |   - Target Scalable FLOPs for Training: 481.63 M
10/04 08:21:21 PM | Full model total parameters: 45.599 M
10/04 08:21:21 PM | Target total parameters (72.0%): 32.831 M
10/04 08:21:21 PM | ==> Main model for training is ready.
10/04 08:21:21 PM | ==> Building main model for training...
10/04 08:21:23 PM | ==> Separating parameters into four groups for optimization...
10/04 08:21:23 PM |  - Main backbone params: 161 tensors.
10/04 08:21:23 PM |  - Gating (logit & static) params: 96 tensors.
10/04 08:21:23 PM |  - Auxiliary head params: 15 tensors.
10/04 08:21:23 PM |  - Budget generator params: 18 tensors.
10/04 08:21:23 PM | ==> Four optimizers created successfully.
10/04 08:21:23 PM | ==> LR scheduler set: 5-epoch linear warmup + Cosine Annealing.
10/04 08:21:23 PM | 
############################################################
10/04 08:21:23 PM | #####      STARTING UNIFIED ADAPTIVE TRAINING      #####
10/04 08:21:23 PM | Total Epochs: 200, Warmup Epochs: 50
10/04 08:21:23 PM | Loss Weights: w_aux=0.1, w_flops=2.0, w_params_final=1.0
10/04 08:21:23 PM | Target Total FLOPs: 734.19 MFLOPs
10/04 08:21:23 PM | Target Total FLOPs (Train): 481.63 MFLOPs
10/04 08:21:23 PM | ############################################################

10/04 08:21:23 PM | [Epoch 1/200] [WARMUP] LR: 0.004000 | w_params: 0.0000
10/04 08:21:49 PM |  * Validation (Epoch 0): Acc@1 22.150 Acc@5 74.630
10/04 08:21:49 PM | ==> New best accuracy: 22.15% at epoch 1
10/04 08:21:51 PM | [Epoch 2/200] [WARMUP] LR: 0.013200 | w_params: 0.0000
10/04 08:22:14 PM |  * Validation (Epoch 1): Acc@1 35.990 Acc@5 88.620
10/04 08:22:14 PM | ==> New best accuracy: 35.99% at epoch 2
10/04 08:22:17 PM | [Epoch 3/200] [WARMUP] LR: 0.022400 | w_params: 0.0000
10/04 08:22:40 PM |  * Validation (Epoch 2): Acc@1 43.170 Acc@5 91.020
10/04 08:22:40 PM | ==> New best accuracy: 43.17% at epoch 3
10/04 08:22:42 PM | [Epoch 4/200] [WARMUP] LR: 0.031600 | w_params: 0.0000
10/04 08:23:06 PM |  * Validation (Epoch 3): Acc@1 56.020 Acc@5 95.440
10/04 08:23:06 PM | ==> New best accuracy: 56.02% at epoch 4
10/04 08:23:08 PM | [Epoch 5/200] [WARMUP] LR: 0.040800 | w_params: 0.0000
10/04 08:23:32 PM |  * Validation (Epoch 4): Acc@1 50.950 Acc@5 93.190
10/04 08:23:33 PM | [Epoch 6/200] [WARMUP] LR: 0.050000 | w_params: 0.0000
10/04 08:23:33 PM | [Visualizer] Generating uncertainty heatmap for epoch 5, batch 0...
10/04 08:23:34 PM | [Visualizer] Saved uncertainty heatmap to ./result_e2e_datadriven/uncertainty_heatmaps/uncertainty_epoch_005_batch_000.png
10/04 08:23:34 PM | [Visualizer] Generating uncertainty heatmap for epoch 5, batch 1...
10/04 08:23:34 PM | [Visualizer] Saved uncertainty heatmap to ./result_e2e_datadriven/uncertainty_heatmaps/uncertainty_epoch_005_batch_001.png
10/04 08:23:56 PM | [Visualizer] Generating static gate heatmap for epoch 5...
10/04 08:23:57 PM | [Visualizer] Saved static gate heatmap to ./result_e2e_datadriven/static_gate_heatmaps/gate_heatmap_epoch_005.png
10/04 08:23:58 PM |  * Validation (Epoch 5): Acc@1 62.790 Acc@5 97.800
10/04 08:23:58 PM | ==> New best accuracy: 62.79% at epoch 6
10/04 08:24:01 PM | [Epoch 7/200] [WARMUP] LR: 0.049997 | w_params: 0.0000
10/04 08:24:24 PM |  * Validation (Epoch 6): Acc@1 70.910 Acc@5 98.010
10/04 08:24:24 PM | ==> New best accuracy: 70.91% at epoch 7
10/04 08:24:26 PM | [Epoch 8/200] [WARMUP] LR: 0.049987 | w_params: 0.0000
10/04 08:24:50 PM |  * Validation (Epoch 7): Acc@1 74.230 Acc@5 98.520
10/04 08:24:50 PM | ==> New best accuracy: 74.23% at epoch 8
10/04 08:24:52 PM | [Epoch 9/200] [WARMUP] LR: 0.049971 | w_params: 0.0000
10/04 08:25:16 PM |  * Validation (Epoch 8): Acc@1 74.440 Acc@5 98.540
10/04 08:25:16 PM | ==> New best accuracy: 74.44% at epoch 9
10/04 08:25:18 PM | [Epoch 10/200] [WARMUP] LR: 0.049948 | w_params: 0.0000
10/04 08:25:42 PM |  * Validation (Epoch 9): Acc@1 74.700 Acc@5 98.370
10/04 08:25:42 PM | ==> New best accuracy: 74.70% at epoch 10
10/04 08:25:44 PM | [Epoch 11/200] [WARMUP] LR: 0.049919 | w_params: 0.0000
10/04 08:26:07 PM |  * Validation (Epoch 10): Acc@1 81.700 Acc@5 99.070
10/04 08:26:07 PM | ==> New best accuracy: 81.70% at epoch 11
10/04 08:26:10 PM | [Epoch 12/200] [WARMUP] LR: 0.049883 | w_params: 0.0000
10/04 08:26:33 PM |  * Validation (Epoch 11): Acc@1 79.270 Acc@5 98.830
10/04 08:26:34 PM | [Epoch 13/200] [WARMUP] LR: 0.049841 | w_params: 0.0000
10/04 08:26:58 PM |  * Validation (Epoch 12): Acc@1 72.550 Acc@5 98.570
10/04 08:26:59 PM | [Epoch 14/200] [WARMUP] LR: 0.049793 | w_params: 0.0000
10/04 08:27:22 PM |  * Validation (Epoch 13): Acc@1 83.630 Acc@5 99.310
10/04 08:27:22 PM | ==> New best accuracy: 83.63% at epoch 14
10/04 08:27:25 PM | [Epoch 15/200] [WARMUP] LR: 0.049738 | w_params: 0.0000
10/04 08:27:48 PM |  * Validation (Epoch 14): Acc@1 80.710 Acc@5 99.010
10/04 08:27:49 PM | [Epoch 16/200] [WARMUP] LR: 0.049676 | w_params: 0.0000
10/04 08:27:50 PM | [Visualizer] Generating uncertainty heatmap for epoch 15, batch 0...
10/04 08:27:50 PM | [Visualizer] Saved uncertainty heatmap to ./result_e2e_datadriven/uncertainty_heatmaps/uncertainty_epoch_015_batch_000.png
10/04 08:27:50 PM | [Visualizer] Generating uncertainty heatmap for epoch 15, batch 1...
10/04 08:27:51 PM | [Visualizer] Saved uncertainty heatmap to ./result_e2e_datadriven/uncertainty_heatmaps/uncertainty_epoch_015_batch_001.png
10/04 08:28:14 PM |  * Validation (Epoch 15): Acc@1 83.100 Acc@5 99.260
10/04 08:28:15 PM | [Epoch 17/200] [WARMUP] LR: 0.049608 | w_params: 0.0000
10/04 08:28:39 PM |  * Validation (Epoch 16): Acc@1 77.290 Acc@5 98.070
10/04 08:28:40 PM | [Epoch 18/200] [WARMUP] LR: 0.049534 | w_params: 0.0000
10/04 08:29:03 PM |  * Validation (Epoch 17): Acc@1 78.950 Acc@5 99.100
10/04 08:29:04 PM | [Epoch 19/200] [WARMUP] LR: 0.049454 | w_params: 0.0000
10/04 08:29:28 PM |  * Validation (Epoch 18): Acc@1 82.710 Acc@5 99.280
10/04 08:29:29 PM | [Epoch 20/200] [WARMUP] LR: 0.049367 | w_params: 0.0000
10/04 08:29:53 PM |  * Validation (Epoch 19): Acc@1 86.300 Acc@5 99.580
10/04 08:29:53 PM | ==> New best accuracy: 86.30% at epoch 20
10/04 08:29:55 PM | [Epoch 21/200] [WARMUP] LR: 0.049274 | w_params: 0.0000
10/04 08:30:19 PM |  * Validation (Epoch 20): Acc@1 83.840 Acc@5 98.820
10/04 08:30:20 PM | [Epoch 22/200] [WARMUP] LR: 0.049174 | w_params: 0.0000
10/04 08:30:43 PM |  * Validation (Epoch 21): Acc@1 86.980 Acc@5 99.570
10/04 08:30:43 PM | ==> New best accuracy: 86.98% at epoch 22
10/04 08:30:46 PM | [Epoch 23/200] [WARMUP] LR: 0.049068 | w_params: 0.0000
10/04 08:31:09 PM |  * Validation (Epoch 22): Acc@1 84.390 Acc@5 99.410
10/04 08:31:10 PM | [Epoch 24/200] [WARMUP] LR: 0.048956 | w_params: 0.0000
10/04 08:31:34 PM |  * Validation (Epoch 23): Acc@1 86.440 Acc@5 99.530
10/04 08:31:35 PM | [Epoch 25/200] [WARMUP] LR: 0.048838 | w_params: 0.0000
10/04 08:31:59 PM |  * Validation (Epoch 24): Acc@1 88.000 Acc@5 99.580
10/04 08:31:59 PM | ==> New best accuracy: 88.00% at epoch 25
10/04 08:32:01 PM | [Epoch 26/200] [WARMUP] LR: 0.048713 | w_params: 0.0000
10/04 08:32:24 PM |  * Validation (Epoch 25): Acc@1 84.700 Acc@5 99.670
10/04 08:32:26 PM | [Epoch 27/200] [WARMUP] LR: 0.048583 | w_params: 0.0000
10/04 08:32:49 PM |  * Validation (Epoch 26): Acc@1 86.680 Acc@5 99.450
10/04 08:32:50 PM | [Epoch 28/200] [WARMUP] LR: 0.048446 | w_params: 0.0000
10/04 08:33:14 PM |  * Validation (Epoch 27): Acc@1 85.880 Acc@5 99.410
10/04 08:33:15 PM | [Epoch 29/200] [WARMUP] LR: 0.048303 | w_params: 0.0000
10/04 08:33:39 PM |  * Validation (Epoch 28): Acc@1 86.590 Acc@5 99.540
10/04 08:33:40 PM | [Epoch 30/200] [WARMUP] LR: 0.048154 | w_params: 0.0000
10/04 08:34:03 PM |  * Validation (Epoch 29): Acc@1 86.870 Acc@5 99.500
10/04 08:34:04 PM | [Epoch 31/200] [WARMUP] LR: 0.047999 | w_params: 0.0000
10/04 08:34:28 PM |  * Validation (Epoch 30): Acc@1 87.430 Acc@5 99.530
10/04 08:34:29 PM | [Epoch 32/200] [WARMUP] LR: 0.047839 | w_params: 0.0000
10/04 08:34:52 PM |  * Validation (Epoch 31): Acc@1 88.350 Acc@5 99.470
10/04 08:34:52 PM | ==> New best accuracy: 88.35% at epoch 32
10/04 08:34:55 PM | [Epoch 33/200] [WARMUP] LR: 0.047672 | w_params: 0.0000
10/04 08:35:18 PM |  * Validation (Epoch 32): Acc@1 87.070 Acc@5 99.600
10/04 08:35:19 PM | [Epoch 34/200] [WARMUP] LR: 0.047499 | w_params: 0.0000
10/04 08:35:43 PM |  * Validation (Epoch 33): Acc@1 87.380 Acc@5 99.620
10/04 08:35:44 PM | [Epoch 35/200] [WARMUP] LR: 0.047321 | w_params: 0.0000
10/04 08:36:07 PM |  * Validation (Epoch 34): Acc@1 86.240 Acc@5 98.840
10/04 08:36:09 PM | [Epoch 36/200] [WARMUP] LR: 0.047136 | w_params: 0.0000
10/04 08:36:09 PM | [Visualizer] Generating uncertainty heatmap for epoch 35, batch 0...
10/04 08:36:10 PM | [Visualizer] Saved uncertainty heatmap to ./result_e2e_datadriven/uncertainty_heatmaps/uncertainty_epoch_035_batch_000.png
10/04 08:36:10 PM | [Visualizer] Generating uncertainty heatmap for epoch 35, batch 1...
10/04 08:36:10 PM | [Visualizer] Saved uncertainty heatmap to ./result_e2e_datadriven/uncertainty_heatmaps/uncertainty_epoch_035_batch_001.png
10/04 08:36:32 PM | [Visualizer] Generating static gate heatmap for epoch 35...
10/04 08:36:33 PM | [Visualizer] Saved static gate heatmap to ./result_e2e_datadriven/static_gate_heatmaps/gate_heatmap_epoch_035.png
10/04 08:36:34 PM |  * Validation (Epoch 35): Acc@1 89.460 Acc@5 99.670
10/04 08:36:34 PM | ==> New best accuracy: 89.46% at epoch 36
10/04 08:36:36 PM | [Epoch 37/200] [WARMUP] LR: 0.046946 | w_params: 0.0000
10/04 08:37:00 PM |  * Validation (Epoch 36): Acc@1 88.690 Acc@5 99.680
10/04 08:37:01 PM | [Epoch 38/200] [WARMUP] LR: 0.046751 | w_params: 0.0000
10/04 08:37:25 PM |  * Validation (Epoch 37): Acc@1 89.050 Acc@5 99.700
10/04 08:37:26 PM | [Epoch 39/200] [WARMUP] LR: 0.046549 | w_params: 0.0000
10/04 08:37:49 PM |  * Validation (Epoch 38): Acc@1 86.820 Acc@5 99.490
10/04 08:37:50 PM | [Epoch 40/200] [WARMUP] LR: 0.046342 | w_params: 0.0000
10/04 08:38:14 PM |  * Validation (Epoch 39): Acc@1 89.250 Acc@5 99.590
10/04 08:38:15 PM | [Epoch 41/200] [WARMUP] LR: 0.046130 | w_params: 0.0000
10/04 08:38:39 PM |  * Validation (Epoch 40): Acc@1 88.230 Acc@5 99.570
10/04 08:38:40 PM | [Epoch 42/200] [WARMUP] LR: 0.045912 | w_params: 0.0000
10/04 08:39:03 PM |  * Validation (Epoch 41): Acc@1 88.580 Acc@5 99.710
10/04 08:39:04 PM | [Epoch 43/200] [WARMUP] LR: 0.045688 | w_params: 0.0000
10/04 08:39:28 PM |  * Validation (Epoch 42): Acc@1 89.750 Acc@5 99.640
10/04 08:39:28 PM | ==> New best accuracy: 89.75% at epoch 43
10/04 08:39:30 PM | [Epoch 44/200] [WARMUP] LR: 0.045460 | w_params: 0.0000
10/04 08:39:54 PM |  * Validation (Epoch 43): Acc@1 88.800 Acc@5 99.680
10/04 08:39:55 PM | [Epoch 45/200] [WARMUP] LR: 0.045225 | w_params: 0.0000
10/04 08:40:18 PM |  * Validation (Epoch 44): Acc@1 89.070 Acc@5 99.600
10/04 08:40:20 PM | [Epoch 46/200] [WARMUP] LR: 0.044986 | w_params: 0.0000
10/04 08:40:43 PM |  * Validation (Epoch 45): Acc@1 88.750 Acc@5 99.570
10/04 08:40:44 PM | [Epoch 47/200] [WARMUP] LR: 0.044742 | w_params: 0.0000
10/04 08:41:08 PM |  * Validation (Epoch 46): Acc@1 88.370 Acc@5 99.600
10/04 08:41:09 PM | [Epoch 48/200] [WARMUP] LR: 0.044492 | w_params: 0.0000
10/04 08:41:32 PM |  * Validation (Epoch 47): Acc@1 88.240 Acc@5 99.580
10/04 08:41:34 PM | [Epoch 49/200] [WARMUP] LR: 0.044237 | w_params: 0.0000
10/04 08:41:57 PM |  * Validation (Epoch 48): Acc@1 89.920 Acc@5 99.560
10/04 08:41:57 PM | ==> New best accuracy: 89.92% at epoch 49
10/04 08:41:59 PM | [Epoch 50/200] [WARMUP] LR: 0.043977 | w_params: 0.0000
10/04 08:42:23 PM |  * Validation (Epoch 49): Acc@1 89.330 Acc@5 99.720
10/04 08:42:24 PM | [Epoch 51/200] [JOINT TRAINING] LR: 0.043713 | w_params: 0.0000
10/04 08:42:24 PM | [Visualizer] Generating uncertainty-budget heatmap for epoch 50, batch 0...
10/04 08:42:25 PM | [Visualizer] Saved uncertainty-budget heatmap to ./result_e2e_datadriven/uncertainty_budget_heatmaps/uncertainty_budget_epoch_050_batch_000.png
10/04 08:42:25 PM | [Visualizer] Generating uncertainty-budget heatmap for epoch 50, batch 1...
10/04 08:42:26 PM | [Visualizer] Saved uncertainty-budget heatmap to ./result_e2e_datadriven/uncertainty_budget_heatmaps/uncertainty_budget_epoch_050_batch_001.png
10/04 08:43:07 PM |  * Validation (Epoch 50): Acc@1 82.260 Acc@5 99.260
10/04 08:43:09 PM | [Epoch 52/200] [JOINT TRAINING] LR: 0.043443 | w_params: 0.0133
10/04 08:43:50 PM |  * Validation (Epoch 51): Acc@1 81.320 Acc@5 99.130
10/04 08:43:52 PM | [Epoch 53/200] [JOINT TRAINING] LR: 0.043169 | w_params: 0.0267
10/04 08:44:33 PM |  * Validation (Epoch 52): Acc@1 87.330 Acc@5 99.530
10/04 08:44:35 PM | [Epoch 54/200] [JOINT TRAINING] LR: 0.042890 | w_params: 0.0400
10/04 08:45:16 PM |  * Validation (Epoch 53): Acc@1 87.910 Acc@5 99.520
10/04 08:45:18 PM | [Epoch 55/200] [JOINT TRAINING] LR: 0.042606 | w_params: 0.0533
10/04 08:45:59 PM |  * Validation (Epoch 54): Acc@1 85.580 Acc@5 99.410
10/04 08:46:01 PM | [Epoch 56/200] [JOINT TRAINING] LR: 0.042318 | w_params: 0.0667
10/04 08:46:43 PM |  * Validation (Epoch 55): Acc@1 85.950 Acc@5 99.390
10/04 08:46:44 PM | [Epoch 57/200] [JOINT TRAINING] LR: 0.042025 | w_params: 0.0800
10/04 08:47:25 PM |  * Validation (Epoch 56): Acc@1 85.950 Acc@5 99.380
10/04 08:47:27 PM | [Epoch 58/200] [JOINT TRAINING] LR: 0.041728 | w_params: 0.0933
10/04 08:48:08 PM |  * Validation (Epoch 57): Acc@1 85.490 Acc@5 99.320
10/04 08:48:10 PM | [Epoch 59/200] [JOINT TRAINING] LR: 0.041427 | w_params: 0.1067
10/04 08:48:51 PM |  * Validation (Epoch 58): Acc@1 87.180 Acc@5 99.510
10/04 08:48:53 PM | [Epoch 60/200] [JOINT TRAINING] LR: 0.041121 | w_params: 0.1200
10/04 08:49:34 PM |  * Validation (Epoch 59): Acc@1 86.300 Acc@5 99.460
10/04 08:49:36 PM | [Epoch 61/200] [JOINT TRAINING] LR: 0.040811 | w_params: 0.1333
10/04 08:50:17 PM |  * Validation (Epoch 60): Acc@1 86.300 Acc@5 99.530
10/04 08:50:19 PM | [Epoch 62/200] [JOINT TRAINING] LR: 0.040497 | w_params: 0.1467
10/04 08:51:00 PM |  * Validation (Epoch 61): Acc@1 87.460 Acc@5 99.450
10/04 08:51:02 PM | [Epoch 63/200] [JOINT TRAINING] LR: 0.040179 | w_params: 0.1600
10/04 08:51:43 PM |  * Validation (Epoch 62): Acc@1 88.010 Acc@5 99.610
10/04 08:51:45 PM | [Epoch 64/200] [JOINT TRAINING] LR: 0.039857 | w_params: 0.1733
10/04 08:52:27 PM |  * Validation (Epoch 63): Acc@1 88.890 Acc@5 99.710
10/04 08:52:28 PM | [Epoch 65/200] [JOINT TRAINING] LR: 0.039531 | w_params: 0.1867
10/04 08:53:10 PM |  * Validation (Epoch 64): Acc@1 88.760 Acc@5 99.590
10/04 08:53:11 PM | [Epoch 66/200] [JOINT TRAINING] LR: 0.039202 | w_params: 0.2000
10/04 08:53:53 PM |  * Validation (Epoch 65): Acc@1 88.370 Acc@5 99.470
10/04 08:53:54 PM | [Epoch 67/200] [JOINT TRAINING] LR: 0.038868 | w_params: 0.2133
10/04 08:54:36 PM |  * Validation (Epoch 66): Acc@1 89.980 Acc@5 99.650
10/04 08:54:36 PM | ==> New best accuracy: 89.98% at epoch 67
10/04 08:54:39 PM | [Epoch 68/200] [JOINT TRAINING] LR: 0.038531 | w_params: 0.2267
10/04 08:55:20 PM |  * Validation (Epoch 67): Acc@1 88.750 Acc@5 99.600
10/04 08:55:22 PM | [Epoch 69/200] [JOINT TRAINING] LR: 0.038191 | w_params: 0.2400
10/04 08:56:03 PM |  * Validation (Epoch 68): Acc@1 86.910 Acc@5 99.130
10/04 08:56:05 PM | [Epoch 70/200] [JOINT TRAINING] LR: 0.037847 | w_params: 0.2533
10/04 08:56:47 PM |  * Validation (Epoch 69): Acc@1 88.970 Acc@5 99.550
10/04 08:56:48 PM | [Epoch 71/200] [JOINT TRAINING] LR: 0.037500 | w_params: 0.2667
10/04 08:57:30 PM |  * Validation (Epoch 70): Acc@1 87.670 Acc@5 99.470
10/04 08:57:31 PM | [Epoch 72/200] [JOINT TRAINING] LR: 0.037150 | w_params: 0.2800
10/04 08:58:13 PM |  * Validation (Epoch 71): Acc@1 88.550 Acc@5 99.560
10/04 08:58:15 PM | [Epoch 73/200] [JOINT TRAINING] LR: 0.036796 | w_params: 0.2933
10/04 08:58:56 PM |  * Validation (Epoch 72): Acc@1 87.320 Acc@5 99.250
10/04 08:58:58 PM | [Epoch 74/200] [JOINT TRAINING] LR: 0.036439 | w_params: 0.3067
