10/04 01:11:20 PM | Args: Namespace(lr=0.05, epochs=10, batch_size=256, save_dir='./result_e2e_datadriven', dataset_path='/home/dancer/wxr_code/e2e_prune/data', gpu_id='4', alpha_final=0.2, w_params_final=1.0, w_params_anneal_epochs=3, target_static_params_ratio=0.5, warmup_epochs=3, annealing_epochs_pct=0.7, dynamic_rate_start=0.7, dynamic_rate_end=0.7, gate_threshold=0.1, backbone='resnet50', target_flops_ratio=0.5)
10/04 01:11:22 PM | ==> Building full-size resnet50 for training and target calculation...
10/04 01:11:23 PM | ==> Accurately calculating FLOPs breakdown from a clean, original model...
10/04 01:11:24 PM | ==> FLOPs Sanity Check:
10/04 01:11:24 PM |   - Total FLOPs by Global Profile (Authoritative): 1559.586 M
10/04 01:11:24 PM |   - Total FLOPs by Sum of Parts:                 559.330 M
10/04 01:11:24 PM |   - Discrepancy: 64.14%
10/04 01:11:24 PM |   - Sanity Check Warning: Discrepancy > 5%.
10/04 01:11:24 PM | ==> Final FLOPs Targets:
10/04 01:11:24 PM |   - Max Theoretical FLOPs: 1559.59 M
10/04 01:11:24 PM |   - Target Total FLOPs (50.0%): 779.79 M
10/04 01:11:24 PM |   - Target Scalable FLOPs for Training: 715.74 M
10/04 01:11:24 PM | Full model total parameters: 44.341 M
10/04 01:11:24 PM | Target total parameters (50.0%): 22.171 M
10/04 01:11:24 PM | ==> Main model for training is ready.
10/04 01:11:24 PM | ==> Building main model for training...
10/04 01:11:25 PM | ==> Separating parameters into four groups for optimization...
10/04 01:11:25 PM |  - Main backbone params: 161 tensors.
10/04 01:11:25 PM |  - Gating (logit & static) params: 48 tensors.
10/04 01:11:25 PM |  - Auxiliary head params: 15 tensors.
10/04 01:11:25 PM |  - Budget generator params: 18 tensors.
10/04 01:11:25 PM | ==> Four optimizers created successfully.
10/04 01:11:25 PM | ==> LR scheduler set: 5-epoch linear warmup + Cosine Annealing.
10/04 01:11:25 PM | 
############################################################
10/04 01:11:25 PM | #####      STARTING UNIFIED ADAPTIVE TRAINING      #####
10/04 01:11:25 PM | Total Epochs: 10, Warmup Epochs: 3
10/04 01:11:25 PM | Loss Weights: w_aux=0.1, w_flops=2.0, w_params_final=1.0
10/04 01:11:25 PM | Target Total FLOPs: 779.79 MFLOPs
10/04 01:11:25 PM | Target Total FLOPs (Train): 715.74 MFLOPs
10/04 01:11:25 PM | ############################################################

10/04 01:11:25 PM | [Epoch 1/10] [WARMUP] LR: 0.004000 | w_params: 0.0000
10/04 01:11:51 PM |  * Validation (Epoch 0): Acc@1 22.460 Acc@5 74.550
10/04 01:11:51 PM | ==> New best accuracy: 22.46% at epoch 1
10/04 01:11:53 PM | [Epoch 2/10] [WARMUP] LR: 0.013200 | w_params: 0.0000
10/04 01:12:16 PM |  * Validation (Epoch 1): Acc@1 32.440 Acc@5 84.770
10/04 01:12:16 PM | ==> New best accuracy: 32.44% at epoch 2
10/04 01:12:19 PM | [Epoch 3/10] [WARMUP] LR: 0.022400 | w_params: 0.0000
10/04 01:12:42 PM |  * Validation (Epoch 2): Acc@1 47.580 Acc@5 93.180
10/04 01:12:42 PM | ==> New best accuracy: 47.58% at epoch 3
10/04 01:12:44 PM | [Epoch 4/10] [JOINT TRAINING] LR: 0.031600 | w_params: 0.0000
10/04 01:13:21 PM |  * Validation (Epoch 3): Acc@1 46.320 Acc@5 92.380
10/04 01:13:23 PM | [Epoch 5/10] [JOINT TRAINING] LR: 0.040800 | w_params: 0.3333
10/04 01:14:00 PM |  * Validation (Epoch 4): Acc@1 57.780 Acc@5 95.950
10/04 01:14:00 PM | ==> New best accuracy: 57.78% at epoch 5
10/04 01:14:03 PM | [Epoch 6/10] [JOINT TRAINING] LR: 0.050000 | w_params: 0.6667
10/04 01:14:04 PM | [Visualizer] Generating uncertainty-budget heatmap for epoch 5, batch 0...
10/04 01:14:04 PM | [Visualizer] Saved uncertainty-budget heatmap to ./result_e2e_datadriven/uncertainty_budget_heatmaps/uncertainty_budget_epoch_005_batch_000.png
10/04 01:14:05 PM | [Visualizer] Generating uncertainty-budget heatmap for epoch 5, batch 1...
10/04 01:14:05 PM | [Visualizer] Saved uncertainty-budget heatmap to ./result_e2e_datadriven/uncertainty_budget_heatmaps/uncertainty_budget_epoch_005_batch_001.png
10/04 01:14:40 PM | [Visualizer] Generating static gate heatmap for epoch 5...
10/04 01:14:41 PM | [Visualizer] Saved static gate heatmap to ./result_e2e_datadriven/static_gate_heatmaps/gate_heatmap_epoch_005.png
10/04 01:14:43 PM |  * Validation (Epoch 5): Acc@1 62.170 Acc@5 96.300
10/04 01:14:43 PM | ==> New best accuracy: 62.17% at epoch 6
10/04 01:14:46 PM | [Epoch 7/10] [JOINT TRAINING] LR: 0.045225 | w_params: 1.0000
10/04 01:15:23 PM |  * Validation (Epoch 6): Acc@1 75.860 Acc@5 98.510
10/04 01:15:23 PM | ==> New best accuracy: 75.86% at epoch 7
10/04 01:15:26 PM | [Epoch 8/10] [JOINT TRAINING] LR: 0.032725 | w_params: 1.0000
10/04 01:16:03 PM |  * Validation (Epoch 7): Acc@1 79.620 Acc@5 99.140
10/04 01:16:03 PM | ==> New best accuracy: 79.62% at epoch 8
10/04 01:16:06 PM | [Epoch 9/10] [JOINT TRAINING] LR: 0.017275 | w_params: 1.0000
10/04 01:16:44 PM |  * Validation (Epoch 8): Acc@1 83.510 Acc@5 99.330
10/04 01:16:44 PM | ==> New best accuracy: 83.51% at epoch 9
10/04 01:16:47 PM | [Epoch 10/10] [JOINT TRAINING] LR: 0.004775 | w_params: 1.0000
10/04 01:17:24 PM |  * Validation (Epoch 9): Acc@1 85.110 Acc@5 99.350
10/04 01:17:24 PM | ==> New best accuracy: 85.11% at epoch 10
10/04 01:17:27 PM | End-to-end training completed. Best validation accuracy: 85.110%
10/04 01:17:27 PM | 
############################################################
10/04 01:17:27 PM | #####      ANALYZING FINAL PRUNED MODEL STATS (UNIFIED)      #####
10/04 01:17:27 PM | ############################################################

10/04 01:17:27 PM | --- [Step 1] Baseline Full Model Stats ---
10/04 01:17:27 PM |   - Original Model Parameters: 44.341 M
10/04 01:17:27 PM |   - Original Model Max FLOPs:  1559.586 M
10/04 01:17:27 PM | 
--- [Step 2] Final Static Structure Stats ---
10/04 01:17:27 PM |   - Statically Pruned Model Parameters: 23.504 M
10/04 01:17:27 PM | 
--- [Step 3] Calculating Average Dynamic FLOPs... ---
10/04 01:17:27 PM | --- [Unified FLOPs Calculator] Starting final analysis over validation set...
10/04 01:17:30 PM | --- [Unified FLOPs Calculator] Analysis complete.
10/04 01:17:30 PM |     - Average Total FLOPs: 506.633 M
10/04 01:17:30 PM | 
--- [Step 4] Pruning Analysis Summary ---
10/04 01:17:30 PM |   - Parameters: 44.341 M -> 23.504 M (Reduced by 46.99%)
10/04 01:17:30 PM |   - FLOPs:      1.560 G -> 0.507 G (Avg, Reduced by 67.51%)
10/04 01:17:30 PM | 
--- [Step 5] Final Performance Validation ---
10/04 01:17:32 PM |  * Final Performance Validation: Acc@1 85.110 Acc@5 99.350
10/04 01:17:32 PM | 
############################################################
10/04 01:17:32 PM | #####      ANALYSIS COMPLETE      #####
10/04 01:17:32 PM | ############################################################

10/04 01:17:32 PM | End-to-end pruning process finished successfully.
