10/04 05:04:43 PM | Args: Namespace(lr=0.05, epochs=200, batch_size=256, save_dir='./result_e2e_datadriven', dataset_path='/home/dancer/wxr_code/e2e_prune/data', gpu_id='4', alpha_final=0.2, w_params_final=1.0, w_params_anneal_epochs=75, target_static_params_ratio=0.5, warmup_epochs=50, annealing_epochs_pct=0.7, dynamic_rate_start=0.7, dynamic_rate_end=0.7, gate_threshold=0.1, backbone='resnet50', target_flops_ratio=0.5)
10/04 05:04:44 PM | ==> Building full-size resnet50 for training and target calculation...
10/04 05:04:45 PM | ==> Accurately calculating FLOPs breakdown from a clean, original model...
10/04 05:04:47 PM | ==> FLOPs Sanity Check:
10/04 05:04:47 PM |   - Total FLOPs by Global Profile (Authoritative): 1559.586 M
10/04 05:04:47 PM |   - Total FLOPs by Sum of Parts:                 1559.551 M
10/04 05:04:47 PM |   - Discrepancy: 0.00%
10/04 05:04:47 PM | ==> [DEBUG] FLOPs Breakdown Details:
10/04 05:04:47 PM |   - [CoreOnly e2e]    1311.594 M
10/04 05:04:47 PM |   - [Global-Overhead] 1311.594 M
10/04 05:04:47 PM |   - [CoreOnly - SumScalable] 0.035 M
10/04 05:04:47 PM |   - Input to layer1: (C,H,W)=(64,32,32)
10/04 05:04:47 PM |   - Input to layer2: (C,H,W)=(256,32,32)
10/04 05:04:47 PM |   - Input to layer3: (C,H,W)=(512,16,16)
10/04 05:04:47 PM |   - Input to layer4: (C,H,W)=(1024,8,8)
10/04 05:04:47 PM |   - conv1+bn1 FLOPs: 2.032 M
10/04 05:04:47 PM |   - layer1 FLOPs:     223.871 M
10/04 05:04:47 PM |   - layer2 FLOPs:     339.608 M
10/04 05:04:47 PM |   - layer3 FLOPs:     480.969 M
10/04 05:04:47 PM |   - layer4 FLOPs:     265.060 M
10/04 05:04:47 PM |   - fc FLOPs:         0.020 M
10/04 05:04:47 PM |   - Scalable total:   1311.560 M
10/04 05:04:47 PM |   - layer1 has 3 blocks; per-block FLOPs (M): [78.119, 72.876, 72.876]
10/04 05:04:47 PM |     per-block inputs (C,H,W): [(64, 32, 32), (256, 32, 32), (256, 32, 32)]
10/04 05:04:47 PM |     layer1 sum by blocks (M): 223.871
10/04 05:04:47 PM |   - layer2 has 4 blocks; per-block FLOPs (M): [123.339, 72.09, 72.09, 72.09]
10/04 05:04:47 PM |     per-block inputs (C,H,W): [(256, 32, 32), (512, 16, 16), (512, 16, 16), (512, 16, 16)]
10/04 05:04:47 PM |     layer2 sum by blocks (M): 339.608
10/04 05:04:47 PM |   - layer3 has 6 blocks; per-block FLOPs (M): [122.487, 71.696, 71.696, 71.696, 71.696, 71.696]
10/04 05:04:47 PM |     per-block inputs (C,H,W): [(512, 16, 16), (1024, 8, 8), (1024, 8, 8), (1024, 8, 8), (1024, 8, 8), (1024, 8, 8)]
10/04 05:04:47 PM |     layer3 sum by blocks (M): 480.969
10/04 05:04:47 PM |   - layer4 has 3 blocks; per-block FLOPs (M): [122.061, 71.5, 71.5]
10/04 05:04:47 PM |     per-block inputs (C,H,W): [(1024, 8, 8), (2048, 4, 4), (2048, 4, 4)]
10/04 05:04:47 PM |     layer4 sum by blocks (M): 265.060
10/04 05:04:47 PM |   - Overhead:gating   10.060 M
10/04 05:04:47 PM |   - Overhead:static   1.802 M
10/04 05:04:47 PM |   - Overhead:aux      51.937 M
10/04 05:04:47 PM |   - Overhead:budget   0.001 M
10/04 05:04:47 PM |   - Overhead:misc     184.192 M
10/04 05:04:47 PM |   - Overhead total:   247.992 M
10/04 05:04:47 PM |   - Sum (Scalable+Overhead): 1559.551 M
10/04 05:04:47 PM | ==> Final FLOPs Targets:
10/04 05:04:47 PM |   - Max Theoretical FLOPs: 1559.59 M
10/04 05:04:47 PM |   - Target Total FLOPs (50.0%): 779.79 M
10/04 05:04:47 PM |   - Target Scalable FLOPs for Training: 529.75 M
10/04 05:04:47 PM | Full model total parameters: 44.341 M
10/04 05:04:47 PM | Target total parameters (50.0%): 22.171 M
10/04 05:04:47 PM | ==> Main model for training is ready.
10/04 05:04:47 PM | ==> Building main model for training...
10/04 05:04:48 PM | ==> Separating parameters into four groups for optimization...
10/04 05:04:48 PM |  - Main backbone params: 161 tensors.
10/04 05:04:48 PM |  - Gating (logit & static) params: 48 tensors.
10/04 05:04:48 PM |  - Auxiliary head params: 15 tensors.
10/04 05:04:48 PM |  - Budget generator params: 18 tensors.
10/04 05:04:48 PM | ==> Four optimizers created successfully.
10/04 05:04:48 PM | ==> LR scheduler set: 5-epoch linear warmup + Cosine Annealing.
10/04 05:04:48 PM | 
############################################################
10/04 05:04:48 PM | #####      STARTING UNIFIED ADAPTIVE TRAINING      #####
10/04 05:04:48 PM | Total Epochs: 200, Warmup Epochs: 50
10/04 05:04:48 PM | Loss Weights: w_aux=0.1, w_flops=2.0, w_params_final=1.0
10/04 05:04:48 PM | Target Total FLOPs: 779.79 MFLOPs
10/04 05:04:48 PM | Target Total FLOPs (Train): 529.75 MFLOPs
10/04 05:04:48 PM | ############################################################

10/04 05:04:48 PM | [Epoch 1/200] [WARMUP] LR: 0.004000 | w_params: 0.0000
10/04 05:05:13 PM |  * Validation (Epoch 0): Acc@1 23.650 Acc@5 77.670
10/04 05:05:13 PM | ==> New best accuracy: 23.65% at epoch 1
10/04 05:05:16 PM | [Epoch 2/200] [WARMUP] LR: 0.013200 | w_params: 0.0000
10/04 05:05:39 PM |  * Validation (Epoch 1): Acc@1 34.640 Acc@5 86.360
10/04 05:05:39 PM | ==> New best accuracy: 34.64% at epoch 2
10/04 05:05:41 PM | [Epoch 3/200] [WARMUP] LR: 0.022400 | w_params: 0.0000
10/04 05:06:05 PM |  * Validation (Epoch 2): Acc@1 42.690 Acc@5 92.190
10/04 05:06:05 PM | ==> New best accuracy: 42.69% at epoch 3
10/04 05:06:07 PM | [Epoch 4/200] [WARMUP] LR: 0.031600 | w_params: 0.0000
10/04 05:06:30 PM |  * Validation (Epoch 3): Acc@1 57.190 Acc@5 95.730
10/04 05:06:30 PM | ==> New best accuracy: 57.19% at epoch 4
10/04 05:06:32 PM | [Epoch 5/200] [WARMUP] LR: 0.040800 | w_params: 0.0000
10/04 05:06:56 PM |  * Validation (Epoch 4): Acc@1 65.250 Acc@5 96.810
10/04 05:06:56 PM | ==> New best accuracy: 65.25% at epoch 5
10/04 05:06:58 PM | [Epoch 6/200] [WARMUP] LR: 0.050000 | w_params: 0.0000
10/04 05:06:58 PM | [Visualizer] Generating uncertainty heatmap for epoch 5, batch 0...
10/04 05:06:59 PM | [Visualizer] Saved uncertainty heatmap to ./result_e2e_datadriven/uncertainty_heatmaps/uncertainty_epoch_005_batch_000.png
10/04 05:06:59 PM | [Visualizer] Generating uncertainty heatmap for epoch 5, batch 1...
10/04 05:06:59 PM | [Visualizer] Saved uncertainty heatmap to ./result_e2e_datadriven/uncertainty_heatmaps/uncertainty_epoch_005_batch_001.png
10/04 05:07:21 PM | [Visualizer] Generating static gate heatmap for epoch 5...
10/04 05:07:22 PM | [Visualizer] Saved static gate heatmap to ./result_e2e_datadriven/static_gate_heatmaps/gate_heatmap_epoch_005.png
10/04 05:07:23 PM |  * Validation (Epoch 5): Acc@1 58.940 Acc@5 94.610
10/04 05:07:24 PM | [Epoch 7/200] [WARMUP] LR: 0.049997 | w_params: 0.0000
10/04 05:07:48 PM |  * Validation (Epoch 6): Acc@1 68.390 Acc@5 97.870
10/04 05:07:48 PM | ==> New best accuracy: 68.39% at epoch 7
10/04 05:07:50 PM | [Epoch 8/200] [WARMUP] LR: 0.049987 | w_params: 0.0000
10/04 05:08:13 PM |  * Validation (Epoch 7): Acc@1 71.580 Acc@5 97.020
10/04 05:08:13 PM | ==> New best accuracy: 71.58% at epoch 8
10/04 05:08:16 PM | [Epoch 9/200] [WARMUP] LR: 0.049971 | w_params: 0.0000
10/04 05:08:39 PM |  * Validation (Epoch 8): Acc@1 79.840 Acc@5 98.750
10/04 05:08:39 PM | ==> New best accuracy: 79.84% at epoch 9
10/04 05:08:41 PM | [Epoch 10/200] [WARMUP] LR: 0.049948 | w_params: 0.0000
10/04 05:09:05 PM |  * Validation (Epoch 9): Acc@1 79.440 Acc@5 98.700
10/04 05:09:06 PM | [Epoch 11/200] [WARMUP] LR: 0.049919 | w_params: 0.0000
10/04 05:09:29 PM |  * Validation (Epoch 10): Acc@1 76.430 Acc@5 98.560
10/04 05:09:30 PM | [Epoch 12/200] [WARMUP] LR: 0.049883 | w_params: 0.0000
10/04 05:09:54 PM |  * Validation (Epoch 11): Acc@1 79.630 Acc@5 98.940
10/04 05:09:55 PM | [Epoch 13/200] [WARMUP] LR: 0.049841 | w_params: 0.0000
10/04 05:10:18 PM |  * Validation (Epoch 12): Acc@1 81.520 Acc@5 99.090
10/04 05:10:18 PM | ==> New best accuracy: 81.52% at epoch 13
10/04 05:10:20 PM | [Epoch 14/200] [WARMUP] LR: 0.049793 | w_params: 0.0000
10/04 05:10:44 PM |  * Validation (Epoch 13): Acc@1 78.790 Acc@5 98.610
10/04 05:10:45 PM | [Epoch 15/200] [WARMUP] LR: 0.049738 | w_params: 0.0000
10/04 05:11:09 PM |  * Validation (Epoch 14): Acc@1 83.340 Acc@5 99.280
10/04 05:11:09 PM | ==> New best accuracy: 83.34% at epoch 15
10/04 05:11:11 PM | [Epoch 16/200] [WARMUP] LR: 0.049676 | w_params: 0.0000
10/04 05:11:11 PM | [Visualizer] Generating uncertainty heatmap for epoch 15, batch 0...
10/04 05:11:12 PM | [Visualizer] Saved uncertainty heatmap to ./result_e2e_datadriven/uncertainty_heatmaps/uncertainty_epoch_015_batch_000.png
10/04 05:11:12 PM | [Visualizer] Generating uncertainty heatmap for epoch 15, batch 1...
10/04 05:11:12 PM | [Visualizer] Saved uncertainty heatmap to ./result_e2e_datadriven/uncertainty_heatmaps/uncertainty_epoch_015_batch_001.png
10/04 05:11:36 PM |  * Validation (Epoch 15): Acc@1 83.550 Acc@5 99.090
10/04 05:11:36 PM | ==> New best accuracy: 83.55% at epoch 16
10/04 05:11:38 PM | [Epoch 17/200] [WARMUP] LR: 0.049608 | w_params: 0.0000
10/04 05:12:01 PM |  * Validation (Epoch 16): Acc@1 82.310 Acc@5 99.250
10/04 05:12:02 PM | [Epoch 18/200] [WARMUP] LR: 0.049534 | w_params: 0.0000
10/04 05:12:26 PM |  * Validation (Epoch 17): Acc@1 84.590 Acc@5 99.490
10/04 05:12:26 PM | ==> New best accuracy: 84.59% at epoch 18
10/04 05:12:28 PM | [Epoch 19/200] [WARMUP] LR: 0.049454 | w_params: 0.0000
10/04 05:12:51 PM |  * Validation (Epoch 18): Acc@1 79.160 Acc@5 99.240
10/04 05:12:53 PM | [Epoch 20/200] [WARMUP] LR: 0.049367 | w_params: 0.0000
10/04 05:13:16 PM |  * Validation (Epoch 19): Acc@1 84.230 Acc@5 99.450
10/04 05:13:17 PM | [Epoch 21/200] [WARMUP] LR: 0.049274 | w_params: 0.0000
10/04 05:13:41 PM |  * Validation (Epoch 20): Acc@1 84.800 Acc@5 99.130
10/04 05:13:41 PM | ==> New best accuracy: 84.80% at epoch 21
10/04 05:13:43 PM | [Epoch 22/200] [WARMUP] LR: 0.049174 | w_params: 0.0000
10/04 05:14:06 PM |  * Validation (Epoch 21): Acc@1 82.930 Acc@5 99.540
10/04 05:14:07 PM | [Epoch 23/200] [WARMUP] LR: 0.049068 | w_params: 0.0000
10/04 05:14:31 PM |  * Validation (Epoch 22): Acc@1 86.080 Acc@5 99.340
10/04 05:14:31 PM | ==> New best accuracy: 86.08% at epoch 23
10/04 05:14:33 PM | [Epoch 24/200] [WARMUP] LR: 0.048956 | w_params: 0.0000
10/04 05:14:57 PM |  * Validation (Epoch 23): Acc@1 83.050 Acc@5 99.260
10/04 05:14:58 PM | [Epoch 25/200] [WARMUP] LR: 0.048838 | w_params: 0.0000
10/04 05:15:21 PM |  * Validation (Epoch 24): Acc@1 81.360 Acc@5 99.270
10/04 05:15:22 PM | [Epoch 26/200] [WARMUP] LR: 0.048713 | w_params: 0.0000
10/04 05:15:46 PM |  * Validation (Epoch 25): Acc@1 87.130 Acc@5 99.320
10/04 05:15:46 PM | ==> New best accuracy: 87.13% at epoch 26
10/04 05:15:48 PM | [Epoch 27/200] [WARMUP] LR: 0.048583 | w_params: 0.0000
10/04 05:16:11 PM |  * Validation (Epoch 26): Acc@1 87.180 Acc@5 99.680
10/04 05:16:11 PM | ==> New best accuracy: 87.18% at epoch 27
10/04 05:16:14 PM | [Epoch 28/200] [WARMUP] LR: 0.048446 | w_params: 0.0000
10/04 05:16:37 PM |  * Validation (Epoch 27): Acc@1 87.560 Acc@5 99.520
10/04 05:16:37 PM | ==> New best accuracy: 87.56% at epoch 28
10/04 05:16:39 PM | [Epoch 29/200] [WARMUP] LR: 0.048303 | w_params: 0.0000
10/04 05:17:03 PM |  * Validation (Epoch 28): Acc@1 87.530 Acc@5 99.580
10/04 05:17:04 PM | [Epoch 30/200] [WARMUP] LR: 0.048154 | w_params: 0.0000
10/04 05:17:27 PM |  * Validation (Epoch 29): Acc@1 85.390 Acc@5 99.480
10/04 05:17:28 PM | [Epoch 31/200] [WARMUP] LR: 0.047999 | w_params: 0.0000
10/04 05:17:52 PM |  * Validation (Epoch 30): Acc@1 85.680 Acc@5 99.420
10/04 05:17:53 PM | [Epoch 32/200] [WARMUP] LR: 0.047839 | w_params: 0.0000
10/04 05:18:16 PM |  * Validation (Epoch 31): Acc@1 88.210 Acc@5 99.560
10/04 05:18:16 PM | ==> New best accuracy: 88.21% at epoch 32
10/04 05:18:19 PM | [Epoch 33/200] [WARMUP] LR: 0.047672 | w_params: 0.0000
10/04 05:18:42 PM |  * Validation (Epoch 32): Acc@1 87.750 Acc@5 99.620
10/04 05:18:43 PM | [Epoch 34/200] [WARMUP] LR: 0.047499 | w_params: 0.0000
10/04 05:19:07 PM |  * Validation (Epoch 33): Acc@1 87.940 Acc@5 99.580
10/04 05:19:08 PM | [Epoch 35/200] [WARMUP] LR: 0.047321 | w_params: 0.0000
10/04 05:19:31 PM |  * Validation (Epoch 34): Acc@1 86.560 Acc@5 99.570
10/04 05:19:32 PM | [Epoch 36/200] [WARMUP] LR: 0.047136 | w_params: 0.0000
10/04 05:19:33 PM | [Visualizer] Generating uncertainty heatmap for epoch 35, batch 0...
10/04 05:19:33 PM | [Visualizer] Saved uncertainty heatmap to ./result_e2e_datadriven/uncertainty_heatmaps/uncertainty_epoch_035_batch_000.png
10/04 05:19:33 PM | [Visualizer] Generating uncertainty heatmap for epoch 35, batch 1...
10/04 05:19:34 PM | [Visualizer] Saved uncertainty heatmap to ./result_e2e_datadriven/uncertainty_heatmaps/uncertainty_epoch_035_batch_001.png
10/04 05:19:55 PM | [Visualizer] Generating static gate heatmap for epoch 35...
10/04 05:19:56 PM | [Visualizer] Saved static gate heatmap to ./result_e2e_datadriven/static_gate_heatmaps/gate_heatmap_epoch_035.png
10/04 05:19:58 PM |  * Validation (Epoch 35): Acc@1 87.590 Acc@5 99.650
10/04 05:19:59 PM | [Epoch 37/200] [WARMUP] LR: 0.046946 | w_params: 0.0000
10/04 05:20:22 PM |  * Validation (Epoch 36): Acc@1 87.660 Acc@5 99.460
10/04 05:20:23 PM | [Epoch 38/200] [WARMUP] LR: 0.046751 | w_params: 0.0000
10/04 05:20:47 PM |  * Validation (Epoch 37): Acc@1 87.820 Acc@5 99.490
10/04 05:20:48 PM | [Epoch 39/200] [WARMUP] LR: 0.046549 | w_params: 0.0000
10/04 05:21:12 PM |  * Validation (Epoch 38): Acc@1 87.060 Acc@5 99.540
10/04 05:21:13 PM | [Epoch 40/200] [WARMUP] LR: 0.046342 | w_params: 0.0000
10/04 05:21:36 PM |  * Validation (Epoch 39): Acc@1 88.930 Acc@5 99.660
10/04 05:21:36 PM | ==> New best accuracy: 88.93% at epoch 40
10/04 05:21:39 PM | [Epoch 41/200] [WARMUP] LR: 0.046130 | w_params: 0.0000
10/04 05:22:02 PM |  * Validation (Epoch 40): Acc@1 85.410 Acc@5 99.420
10/04 05:22:03 PM | [Epoch 42/200] [WARMUP] LR: 0.045912 | w_params: 0.0000
10/04 05:22:27 PM |  * Validation (Epoch 41): Acc@1 88.610 Acc@5 99.680
10/04 05:22:28 PM | [Epoch 43/200] [WARMUP] LR: 0.045688 | w_params: 0.0000
10/04 05:22:51 PM |  * Validation (Epoch 42): Acc@1 89.290 Acc@5 99.680
10/04 05:22:51 PM | ==> New best accuracy: 89.29% at epoch 43
10/04 05:22:53 PM | [Epoch 44/200] [WARMUP] LR: 0.045460 | w_params: 0.0000
10/04 05:23:17 PM |  * Validation (Epoch 43): Acc@1 85.240 Acc@5 99.670
10/04 05:23:18 PM | [Epoch 45/200] [WARMUP] LR: 0.045225 | w_params: 0.0000
10/04 05:23:41 PM |  * Validation (Epoch 44): Acc@1 89.280 Acc@5 99.660
10/04 05:23:43 PM | [Epoch 46/200] [WARMUP] LR: 0.044986 | w_params: 0.0000
10/04 05:24:06 PM |  * Validation (Epoch 45): Acc@1 89.340 Acc@5 99.700
10/04 05:24:06 PM | ==> New best accuracy: 89.34% at epoch 46
10/04 05:24:08 PM | [Epoch 47/200] [WARMUP] LR: 0.044742 | w_params: 0.0000
10/04 05:24:32 PM |  * Validation (Epoch 46): Acc@1 90.070 Acc@5 99.670
10/04 05:24:32 PM | ==> New best accuracy: 90.07% at epoch 47
10/04 05:24:34 PM | [Epoch 48/200] [WARMUP] LR: 0.044492 | w_params: 0.0000
10/04 05:24:57 PM |  * Validation (Epoch 47): Acc@1 87.750 Acc@5 99.590
10/04 05:24:58 PM | [Epoch 49/200] [WARMUP] LR: 0.044237 | w_params: 0.0000
10/04 05:25:22 PM |  * Validation (Epoch 48): Acc@1 90.680 Acc@5 99.790
10/04 05:25:22 PM | ==> New best accuracy: 90.68% at epoch 49
10/04 05:25:24 PM | [Epoch 50/200] [WARMUP] LR: 0.043977 | w_params: 0.0000
10/04 05:25:48 PM |  * Validation (Epoch 49): Acc@1 88.670 Acc@5 99.610
10/04 05:25:49 PM | [Epoch 51/200] [JOINT TRAINING] LR: 0.043713 | w_params: 0.0000
10/04 05:25:49 PM | [Visualizer] Generating uncertainty-budget heatmap for epoch 50, batch 0...
10/04 05:25:50 PM | [Visualizer] Saved uncertainty-budget heatmap to ./result_e2e_datadriven/uncertainty_budget_heatmaps/uncertainty_budget_epoch_050_batch_000.png
10/04 05:25:50 PM | [Visualizer] Generating uncertainty-budget heatmap for epoch 50, batch 1...
10/04 05:25:51 PM | [Visualizer] Saved uncertainty-budget heatmap to ./result_e2e_datadriven/uncertainty_budget_heatmaps/uncertainty_budget_epoch_050_batch_001.png
10/04 05:26:28 PM |  * Validation (Epoch 50): Acc@1 87.480 Acc@5 99.560
10/04 05:26:29 PM | [Epoch 52/200] [JOINT TRAINING] LR: 0.043443 | w_params: 0.0133
10/04 05:27:07 PM |  * Validation (Epoch 51): Acc@1 88.180 Acc@5 99.510
10/04 05:27:09 PM | [Epoch 53/200] [JOINT TRAINING] LR: 0.043169 | w_params: 0.0267
10/04 05:27:46 PM |  * Validation (Epoch 52): Acc@1 87.590 Acc@5 99.560
10/04 05:27:48 PM | [Epoch 54/200] [JOINT TRAINING] LR: 0.042890 | w_params: 0.0400
10/04 05:28:26 PM |  * Validation (Epoch 53): Acc@1 87.310 Acc@5 99.560
10/04 05:28:27 PM | [Epoch 55/200] [JOINT TRAINING] LR: 0.042606 | w_params: 0.0533
10/04 05:29:05 PM |  * Validation (Epoch 54): Acc@1 87.280 Acc@5 99.620
10/04 05:29:06 PM | [Epoch 56/200] [JOINT TRAINING] LR: 0.042318 | w_params: 0.0667
10/04 05:29:44 PM |  * Validation (Epoch 55): Acc@1 88.070 Acc@5 99.610
10/04 05:29:45 PM | [Epoch 57/200] [JOINT TRAINING] LR: 0.042025 | w_params: 0.0800
10/04 05:30:23 PM |  * Validation (Epoch 56): Acc@1 88.200 Acc@5 99.620
10/04 05:30:24 PM | [Epoch 58/200] [JOINT TRAINING] LR: 0.041728 | w_params: 0.0933
10/04 05:31:02 PM |  * Validation (Epoch 57): Acc@1 86.860 Acc@5 99.490
10/04 05:31:04 PM | [Epoch 59/200] [JOINT TRAINING] LR: 0.041427 | w_params: 0.1067
10/04 05:31:41 PM |  * Validation (Epoch 58): Acc@1 87.760 Acc@5 99.490
10/04 05:31:43 PM | [Epoch 60/200] [JOINT TRAINING] LR: 0.041121 | w_params: 0.1200
10/04 05:32:20 PM |  * Validation (Epoch 59): Acc@1 86.520 Acc@5 99.430
10/04 05:32:22 PM | [Epoch 61/200] [JOINT TRAINING] LR: 0.040811 | w_params: 0.1333
10/04 05:33:00 PM |  * Validation (Epoch 60): Acc@1 89.770 Acc@5 99.640
10/04 05:33:01 PM | [Epoch 62/200] [JOINT TRAINING] LR: 0.040497 | w_params: 0.1467
10/04 05:33:39 PM |  * Validation (Epoch 61): Acc@1 89.120 Acc@5 99.700
10/04 05:33:41 PM | [Epoch 63/200] [JOINT TRAINING] LR: 0.040179 | w_params: 0.1600
10/04 05:34:19 PM |  * Validation (Epoch 62): Acc@1 89.270 Acc@5 99.660
10/04 05:34:20 PM | [Epoch 64/200] [JOINT TRAINING] LR: 0.039857 | w_params: 0.1733
10/04 05:34:58 PM |  * Validation (Epoch 63): Acc@1 89.050 Acc@5 99.590
10/04 05:34:59 PM | [Epoch 65/200] [JOINT TRAINING] LR: 0.039531 | w_params: 0.1867
10/04 05:35:36 PM |  * Validation (Epoch 64): Acc@1 89.240 Acc@5 99.670
10/04 05:35:38 PM | [Epoch 66/200] [JOINT TRAINING] LR: 0.039202 | w_params: 0.2000
10/04 05:36:15 PM |  * Validation (Epoch 65): Acc@1 88.660 Acc@5 99.700
10/04 05:36:17 PM | [Epoch 67/200] [JOINT TRAINING] LR: 0.038868 | w_params: 0.2133
10/04 05:36:55 PM |  * Validation (Epoch 66): Acc@1 87.450 Acc@5 99.380
10/04 05:36:56 PM | [Epoch 68/200] [JOINT TRAINING] LR: 0.038531 | w_params: 0.2267
10/04 05:37:34 PM |  * Validation (Epoch 67): Acc@1 89.730 Acc@5 99.720
10/04 05:37:36 PM | [Epoch 69/200] [JOINT TRAINING] LR: 0.038191 | w_params: 0.2400
10/04 05:38:13 PM |  * Validation (Epoch 68): Acc@1 88.650 Acc@5 99.510
10/04 05:38:15 PM | [Epoch 70/200] [JOINT TRAINING] LR: 0.037847 | w_params: 0.2533
10/04 05:38:52 PM |  * Validation (Epoch 69): Acc@1 89.880 Acc@5 99.650
10/04 05:38:54 PM | [Epoch 71/200] [JOINT TRAINING] LR: 0.037500 | w_params: 0.2667
10/04 05:39:32 PM |  * Validation (Epoch 70): Acc@1 90.060 Acc@5 99.690
10/04 05:39:33 PM | [Epoch 72/200] [JOINT TRAINING] LR: 0.037150 | w_params: 0.2800
10/04 05:40:11 PM |  * Validation (Epoch 71): Acc@1 89.890 Acc@5 99.730
10/04 05:40:13 PM | [Epoch 73/200] [JOINT TRAINING] LR: 0.036796 | w_params: 0.2933
10/04 05:40:50 PM |  * Validation (Epoch 72): Acc@1 86.670 Acc@5 99.390
10/04 05:40:52 PM | [Epoch 74/200] [JOINT TRAINING] LR: 0.036439 | w_params: 0.3067
10/04 05:41:29 PM |  * Validation (Epoch 73): Acc@1 89.570 Acc@5 99.590
10/04 05:41:31 PM | [Epoch 75/200] [JOINT TRAINING] LR: 0.036080 | w_params: 0.3200
10/04 05:42:09 PM |  * Validation (Epoch 74): Acc@1 89.670 Acc@5 99.610
10/04 05:42:10 PM | [Epoch 76/200] [JOINT TRAINING] LR: 0.035717 | w_params: 0.3333
10/04 05:42:10 PM | [Visualizer] Generating uncertainty-budget heatmap for epoch 75, batch 0...
10/04 05:42:11 PM | [Visualizer] Saved uncertainty-budget heatmap to ./result_e2e_datadriven/uncertainty_budget_heatmaps/uncertainty_budget_epoch_075_batch_000.png
10/04 05:42:11 PM | [Visualizer] Generating uncertainty-budget heatmap for epoch 75, batch 1...
10/04 05:42:12 PM | [Visualizer] Saved uncertainty-budget heatmap to ./result_e2e_datadriven/uncertainty_budget_heatmaps/uncertainty_budget_epoch_075_batch_001.png
10/04 05:42:47 PM | [Visualizer] Generating static gate heatmap for epoch 75...
10/04 05:42:48 PM | [Visualizer] Saved static gate heatmap to ./result_e2e_datadriven/static_gate_heatmaps/gate_heatmap_epoch_075.png
10/04 05:42:50 PM |  * Validation (Epoch 75): Acc@1 89.760 Acc@5 99.520
10/04 05:42:52 PM | [Epoch 77/200] [JOINT TRAINING] LR: 0.035352 | w_params: 0.3467
10/04 05:43:29 PM |  * Validation (Epoch 76): Acc@1 90.240 Acc@5 99.670
10/04 05:43:31 PM | [Epoch 78/200] [JOINT TRAINING] LR: 0.034984 | w_params: 0.3600
10/04 05:44:08 PM |  * Validation (Epoch 77): Acc@1 89.480 Acc@5 99.630
10/04 05:44:09 PM | [Epoch 79/200] [JOINT TRAINING] LR: 0.034614 | w_params: 0.3733
10/04 05:44:47 PM |  * Validation (Epoch 78): Acc@1 89.300 Acc@5 99.540
10/04 05:44:49 PM | [Epoch 80/200] [JOINT TRAINING] LR: 0.034241 | w_params: 0.3867
10/04 05:45:27 PM |  * Validation (Epoch 79): Acc@1 90.510 Acc@5 99.710
10/04 05:45:28 PM | [Epoch 81/200] [JOINT TRAINING] LR: 0.033865 | w_params: 0.4000
10/04 05:46:06 PM |  * Validation (Epoch 80): Acc@1 89.370 Acc@5 99.750
10/04 05:46:08 PM | [Epoch 82/200] [JOINT TRAINING] LR: 0.033487 | w_params: 0.4133
10/04 05:46:46 PM |  * Validation (Epoch 81): Acc@1 89.360 Acc@5 99.660
10/04 05:46:47 PM | [Epoch 83/200] [JOINT TRAINING] LR: 0.033107 | w_params: 0.4267
10/04 05:47:25 PM |  * Validation (Epoch 82): Acc@1 91.250 Acc@5 99.700
10/04 05:47:25 PM | ==> New best accuracy: 91.25% at epoch 83
10/04 05:47:28 PM | [Epoch 84/200] [JOINT TRAINING] LR: 0.032725 | w_params: 0.4400
10/04 05:48:06 PM |  * Validation (Epoch 83): Acc@1 89.680 Acc@5 99.650
10/04 05:48:07 PM | [Epoch 85/200] [JOINT TRAINING] LR: 0.032341 | w_params: 0.4533
10/04 05:48:45 PM |  * Validation (Epoch 84): Acc@1 90.230 Acc@5 99.630
10/04 05:48:47 PM | [Epoch 86/200] [JOINT TRAINING] LR: 0.031955 | w_params: 0.4667
10/04 05:49:25 PM |  * Validation (Epoch 85): Acc@1 89.760 Acc@5 99.570
10/04 05:49:27 PM | [Epoch 87/200] [JOINT TRAINING] LR: 0.031568 | w_params: 0.4800
10/04 05:50:04 PM |  * Validation (Epoch 86): Acc@1 90.950 Acc@5 99.660
10/04 05:50:06 PM | [Epoch 88/200] [JOINT TRAINING] LR: 0.031178 | w_params: 0.4933
10/04 05:50:44 PM |  * Validation (Epoch 87): Acc@1 91.680 Acc@5 99.770
10/04 05:50:44 PM | ==> New best accuracy: 91.68% at epoch 88
10/04 05:50:47 PM | [Epoch 89/200] [JOINT TRAINING] LR: 0.030787 | w_params: 0.5067
10/04 05:51:25 PM |  * Validation (Epoch 88): Acc@1 90.100 Acc@5 99.730
10/04 05:51:27 PM | [Epoch 90/200] [JOINT TRAINING] LR: 0.030395 | w_params: 0.5200
10/04 05:52:05 PM |  * Validation (Epoch 89): Acc@1 90.600 Acc@5 99.770
10/04 05:52:06 PM | [Epoch 91/200] [JOINT TRAINING] LR: 0.030001 | w_params: 0.5333
10/04 05:52:44 PM |  * Validation (Epoch 90): Acc@1 91.280 Acc@5 99.760
10/04 05:52:46 PM | [Epoch 92/200] [JOINT TRAINING] LR: 0.029605 | w_params: 0.5467
10/04 05:53:24 PM |  * Validation (Epoch 91): Acc@1 90.620 Acc@5 99.620
10/04 05:53:25 PM | [Epoch 93/200] [JOINT TRAINING] LR: 0.029209 | w_params: 0.5600
10/04 05:54:03 PM |  * Validation (Epoch 92): Acc@1 89.700 Acc@5 99.600
10/04 05:54:05 PM | [Epoch 94/200] [JOINT TRAINING] LR: 0.028811 | w_params: 0.5733
10/04 05:54:43 PM |  * Validation (Epoch 93): Acc@1 87.790 Acc@5 99.430
10/04 05:54:44 PM | [Epoch 95/200] [JOINT TRAINING] LR: 0.028413 | w_params: 0.5867
10/04 05:55:22 PM |  * Validation (Epoch 94): Acc@1 89.180 Acc@5 99.660
10/04 05:55:24 PM | [Epoch 96/200] [JOINT TRAINING] LR: 0.028013 | w_params: 0.6000
10/04 05:56:02 PM |  * Validation (Epoch 95): Acc@1 90.570 Acc@5 99.730
10/04 05:56:03 PM | [Epoch 97/200] [JOINT TRAINING] LR: 0.027613 | w_params: 0.6133
10/04 05:56:41 PM |  * Validation (Epoch 96): Acc@1 87.510 Acc@5 99.660
10/04 05:56:43 PM | [Epoch 98/200] [JOINT TRAINING] LR: 0.027212 | w_params: 0.6267
10/04 05:57:21 PM |  * Validation (Epoch 97): Acc@1 89.140 Acc@5 99.560
10/04 05:57:23 PM | [Epoch 99/200] [JOINT TRAINING] LR: 0.026811 | w_params: 0.6400
10/04 05:58:00 PM |  * Validation (Epoch 98): Acc@1 90.740 Acc@5 99.790
10/04 05:58:02 PM | [Epoch 100/200] [JOINT TRAINING] LR: 0.026409 | w_params: 0.6533
10/04 05:58:40 PM |  * Validation (Epoch 99): Acc@1 90.690 Acc@5 99.750
10/04 05:58:41 PM | [Epoch 101/200] [JOINT TRAINING] LR: 0.026007 | w_params: 0.6667
10/04 05:58:42 PM | [Visualizer] Generating uncertainty-budget heatmap for epoch 100, batch 0...
10/04 05:58:42 PM | [Visualizer] Saved uncertainty-budget heatmap to ./result_e2e_datadriven/uncertainty_budget_heatmaps/uncertainty_budget_epoch_100_batch_000.png
10/04 05:58:43 PM | [Visualizer] Generating uncertainty-budget heatmap for epoch 100, batch 1...
10/04 05:58:43 PM | [Visualizer] Saved uncertainty-budget heatmap to ./result_e2e_datadriven/uncertainty_budget_heatmaps/uncertainty_budget_epoch_100_batch_001.png
10/04 05:59:21 PM |  * Validation (Epoch 100): Acc@1 91.840 Acc@5 99.670
10/04 05:59:21 PM | ==> New best accuracy: 91.84% at epoch 101
10/04 05:59:24 PM | [Epoch 102/200] [JOINT TRAINING] LR: 0.025604 | w_params: 0.6800
10/04 06:00:01 PM |  * Validation (Epoch 101): Acc@1 92.740 Acc@5 99.720
10/04 06:00:01 PM | ==> New best accuracy: 92.74% at epoch 102
10/04 06:00:05 PM | [Epoch 103/200] [JOINT TRAINING] LR: 0.025201 | w_params: 0.6933
10/04 06:00:42 PM |  * Validation (Epoch 102): Acc@1 91.660 Acc@5 99.670
10/04 06:00:44 PM | [Epoch 104/200] [JOINT TRAINING] LR: 0.024799 | w_params: 0.7067
10/04 06:01:22 PM |  * Validation (Epoch 103): Acc@1 91.750 Acc@5 99.660
10/04 06:01:23 PM | [Epoch 105/200] [JOINT TRAINING] LR: 0.024396 | w_params: 0.7200
10/04 06:02:01 PM |  * Validation (Epoch 104): Acc@1 90.130 Acc@5 99.710
10/04 06:02:02 PM | [Epoch 106/200] [JOINT TRAINING] LR: 0.023993 | w_params: 0.7333
10/04 06:02:37 PM | [Visualizer] Generating static gate heatmap for epoch 105...
10/04 06:02:38 PM | [Visualizer] Saved static gate heatmap to ./result_e2e_datadriven/static_gate_heatmaps/gate_heatmap_epoch_105.png
10/04 06:02:40 PM |  * Validation (Epoch 105): Acc@1 92.180 Acc@5 99.690
10/04 06:02:42 PM | [Epoch 107/200] [JOINT TRAINING] LR: 0.023591 | w_params: 0.7467
10/04 06:03:20 PM |  * Validation (Epoch 106): Acc@1 90.090 Acc@5 99.660
10/04 06:03:21 PM | [Epoch 108/200] [JOINT TRAINING] LR: 0.023189 | w_params: 0.7600
10/04 06:03:59 PM |  * Validation (Epoch 107): Acc@1 92.240 Acc@5 99.740
10/04 06:04:01 PM | [Epoch 109/200] [JOINT TRAINING] LR: 0.022788 | w_params: 0.7733
10/04 06:04:39 PM |  * Validation (Epoch 108): Acc@1 91.280 Acc@5 99.570
10/04 06:04:41 PM | [Epoch 110/200] [JOINT TRAINING] LR: 0.022387 | w_params: 0.7867
10/04 06:05:18 PM |  * Validation (Epoch 109): Acc@1 91.900 Acc@5 99.750
10/04 06:05:20 PM | [Epoch 111/200] [JOINT TRAINING] LR: 0.021987 | w_params: 0.8000
10/04 06:05:58 PM |  * Validation (Epoch 110): Acc@1 91.610 Acc@5 99.680
10/04 06:06:00 PM | [Epoch 112/200] [JOINT TRAINING] LR: 0.021587 | w_params: 0.8133
10/04 06:06:37 PM |  * Validation (Epoch 111): Acc@1 91.310 Acc@5 99.680
10/04 06:06:39 PM | [Epoch 113/200] [JOINT TRAINING] LR: 0.021189 | w_params: 0.8267
10/04 06:07:17 PM |  * Validation (Epoch 112): Acc@1 90.390 Acc@5 99.660
10/04 06:07:18 PM | [Epoch 114/200] [JOINT TRAINING] LR: 0.020791 | w_params: 0.8400
10/04 06:07:56 PM |  * Validation (Epoch 113): Acc@1 91.380 Acc@5 99.760
10/04 06:07:58 PM | [Epoch 115/200] [JOINT TRAINING] LR: 0.020395 | w_params: 0.8533
10/04 06:08:36 PM |  * Validation (Epoch 114): Acc@1 91.620 Acc@5 99.680
10/04 06:08:38 PM | [Epoch 116/200] [JOINT TRAINING] LR: 0.019999 | w_params: 0.8667
10/04 06:08:38 PM | [Visualizer] Generating uncertainty-budget heatmap for epoch 115, batch 0...
10/04 06:08:39 PM | [Visualizer] Saved uncertainty-budget heatmap to ./result_e2e_datadriven/uncertainty_budget_heatmaps/uncertainty_budget_epoch_115_batch_000.png
10/04 06:08:39 PM | [Visualizer] Generating uncertainty-budget heatmap for epoch 115, batch 1...
10/04 06:08:40 PM | [Visualizer] Saved uncertainty-budget heatmap to ./result_e2e_datadriven/uncertainty_budget_heatmaps/uncertainty_budget_epoch_115_batch_001.png
10/04 06:09:17 PM |  * Validation (Epoch 115): Acc@1 91.390 Acc@5 99.640
10/04 06:09:18 PM | [Epoch 117/200] [JOINT TRAINING] LR: 0.019605 | w_params: 0.8800
10/04 06:09:56 PM |  * Validation (Epoch 116): Acc@1 91.030 Acc@5 99.650
10/04 06:09:58 PM | [Epoch 118/200] [JOINT TRAINING] LR: 0.019213 | w_params: 0.8933
10/04 06:10:36 PM |  * Validation (Epoch 117): Acc@1 91.140 Acc@5 99.750
10/04 06:10:37 PM | [Epoch 119/200] [JOINT TRAINING] LR: 0.018822 | w_params: 0.9067
10/04 06:11:15 PM |  * Validation (Epoch 118): Acc@1 92.290 Acc@5 99.720
10/04 06:11:17 PM | [Epoch 120/200] [JOINT TRAINING] LR: 0.018432 | w_params: 0.9200
10/04 06:11:55 PM |  * Validation (Epoch 119): Acc@1 92.060 Acc@5 99.680
10/04 06:11:56 PM | [Epoch 121/200] [JOINT TRAINING] LR: 0.018045 | w_params: 0.9333
10/04 06:12:33 PM |  * Validation (Epoch 120): Acc@1 90.520 Acc@5 99.660
10/04 06:12:35 PM | [Epoch 122/200] [JOINT TRAINING] LR: 0.017659 | w_params: 0.9467
10/04 06:13:13 PM |  * Validation (Epoch 121): Acc@1 92.400 Acc@5 99.750
10/04 06:13:14 PM | [Epoch 123/200] [JOINT TRAINING] LR: 0.017275 | w_params: 0.9600
10/04 06:13:52 PM |  * Validation (Epoch 122): Acc@1 90.440 Acc@5 99.800
10/04 06:13:53 PM | [Epoch 124/200] [JOINT TRAINING] LR: 0.016893 | w_params: 0.9733
10/04 06:14:31 PM |  * Validation (Epoch 123): Acc@1 92.750 Acc@5 99.690
10/04 06:14:31 PM | ==> New best accuracy: 92.75% at epoch 124
10/04 06:14:34 PM | [Epoch 125/200] [JOINT TRAINING] LR: 0.016513 | w_params: 0.9867
10/04 06:15:11 PM |  * Validation (Epoch 124): Acc@1 92.810 Acc@5 99.820
10/04 06:15:11 PM | ==> New best accuracy: 92.81% at epoch 125
10/04 06:15:14 PM | [Epoch 126/200] [JOINT TRAINING] LR: 0.016135 | w_params: 1.0000
10/04 06:15:52 PM |  * Validation (Epoch 125): Acc@1 92.480 Acc@5 99.640
10/04 06:15:54 PM | [Epoch 127/200] [JOINT TRAINING] LR: 0.015759 | w_params: 1.0000
10/04 06:16:31 PM |  * Validation (Epoch 126): Acc@1 91.890 Acc@5 99.690
10/04 06:16:33 PM | [Epoch 128/200] [JOINT TRAINING] LR: 0.015386 | w_params: 1.0000
10/04 06:17:11 PM |  * Validation (Epoch 127): Acc@1 92.280 Acc@5 99.760
10/04 06:17:13 PM | [Epoch 129/200] [JOINT TRAINING] LR: 0.015016 | w_params: 1.0000
10/04 06:17:50 PM |  * Validation (Epoch 128): Acc@1 92.230 Acc@5 99.670
10/04 06:17:51 PM | [Epoch 130/200] [JOINT TRAINING] LR: 0.014648 | w_params: 1.0000
10/04 06:18:29 PM |  * Validation (Epoch 129): Acc@1 92.250 Acc@5 99.660
10/04 06:18:31 PM | [Epoch 131/200] [JOINT TRAINING] LR: 0.014283 | w_params: 1.0000
10/04 06:19:09 PM |  * Validation (Epoch 130): Acc@1 93.320 Acc@5 99.790
10/04 06:19:09 PM | ==> New best accuracy: 93.32% at epoch 131
10/04 06:19:12 PM | [Epoch 132/200] [JOINT TRAINING] LR: 0.013920 | w_params: 1.0000
10/04 06:19:50 PM |  * Validation (Epoch 131): Acc@1 92.980 Acc@5 99.780
10/04 06:19:51 PM | [Epoch 133/200] [JOINT TRAINING] LR: 0.013561 | w_params: 1.0000
10/04 06:20:29 PM |  * Validation (Epoch 132): Acc@1 93.660 Acc@5 99.770
10/04 06:20:29 PM | ==> New best accuracy: 93.66% at epoch 133
10/04 06:20:32 PM | [Epoch 134/200] [JOINT TRAINING] LR: 0.013204 | w_params: 1.0000
10/04 06:21:10 PM |  * Validation (Epoch 133): Acc@1 93.780 Acc@5 99.800
10/04 06:21:10 PM | ==> New best accuracy: 93.78% at epoch 134
10/04 06:21:13 PM | [Epoch 135/200] [JOINT TRAINING] LR: 0.012850 | w_params: 1.0000
10/04 06:21:50 PM |  * Validation (Epoch 134): Acc@1 93.290 Acc@5 99.800
10/04 06:21:52 PM | [Epoch 136/200] [JOINT TRAINING] LR: 0.012500 | w_params: 1.0000
10/04 06:21:52 PM | [Visualizer] Generating uncertainty-budget heatmap for epoch 135, batch 0...
10/04 06:21:53 PM | [Visualizer] Saved uncertainty-budget heatmap to ./result_e2e_datadriven/uncertainty_budget_heatmaps/uncertainty_budget_epoch_135_batch_000.png
10/04 06:21:53 PM | [Visualizer] Generating uncertainty-budget heatmap for epoch 135, batch 1...
10/04 06:21:54 PM | [Visualizer] Saved uncertainty-budget heatmap to ./result_e2e_datadriven/uncertainty_budget_heatmaps/uncertainty_budget_epoch_135_batch_001.png
10/04 06:22:29 PM | [Visualizer] Generating static gate heatmap for epoch 135...
10/04 06:22:30 PM | [Visualizer] Saved static gate heatmap to ./result_e2e_datadriven/static_gate_heatmaps/gate_heatmap_epoch_135.png
10/04 06:22:32 PM |  * Validation (Epoch 135): Acc@1 93.260 Acc@5 99.750
10/04 06:22:34 PM | [Epoch 137/200] [JOINT TRAINING] LR: 0.012153 | w_params: 1.0000
10/04 06:23:12 PM |  * Validation (Epoch 136): Acc@1 93.380 Acc@5 99.780
10/04 06:23:13 PM | [Epoch 138/200] [JOINT TRAINING] LR: 0.011809 | w_params: 1.0000
10/04 06:23:51 PM |  * Validation (Epoch 137): Acc@1 93.130 Acc@5 99.850
10/04 06:23:52 PM | [Epoch 139/200] [JOINT TRAINING] LR: 0.011469 | w_params: 1.0000
10/04 06:24:30 PM |  * Validation (Epoch 138): Acc@1 93.820 Acc@5 99.830
10/04 06:24:30 PM | ==> New best accuracy: 93.82% at epoch 139
10/04 06:24:33 PM | [Epoch 140/200] [JOINT TRAINING] LR: 0.011132 | w_params: 1.0000
10/04 06:25:11 PM |  * Validation (Epoch 139): Acc@1 93.550 Acc@5 99.690
10/04 06:25:13 PM | [Epoch 141/200] [JOINT TRAINING] LR: 0.010798 | w_params: 1.0000
10/04 06:25:51 PM |  * Validation (Epoch 140): Acc@1 93.730 Acc@5 99.790
10/04 06:25:52 PM | [Epoch 142/200] [JOINT TRAINING] LR: 0.010469 | w_params: 1.0000
10/04 06:26:30 PM |  * Validation (Epoch 141): Acc@1 93.180 Acc@5 99.760
10/04 06:26:32 PM | [Epoch 143/200] [JOINT TRAINING] LR: 0.010143 | w_params: 1.0000
10/04 06:27:09 PM |  * Validation (Epoch 142): Acc@1 93.700 Acc@5 99.730
10/04 06:27:11 PM | [Epoch 144/200] [JOINT TRAINING] LR: 0.009821 | w_params: 1.0000
10/04 06:27:49 PM |  * Validation (Epoch 143): Acc@1 93.330 Acc@5 99.680
10/04 06:27:50 PM | [Epoch 145/200] [JOINT TRAINING] LR: 0.009503 | w_params: 1.0000
10/04 06:28:28 PM |  * Validation (Epoch 144): Acc@1 93.800 Acc@5 99.790
10/04 06:28:30 PM | [Epoch 146/200] [JOINT TRAINING] LR: 0.009189 | w_params: 1.0000
10/04 06:29:07 PM |  * Validation (Epoch 145): Acc@1 93.990 Acc@5 99.830
10/04 06:29:07 PM | ==> New best accuracy: 93.99% at epoch 146
10/04 06:29:10 PM | [Epoch 147/200] [JOINT TRAINING] LR: 0.008879 | w_params: 1.0000
10/04 06:29:48 PM |  * Validation (Epoch 146): Acc@1 93.760 Acc@5 99.810
10/04 06:29:50 PM | [Epoch 148/200] [JOINT TRAINING] LR: 0.008573 | w_params: 1.0000
10/04 06:30:28 PM |  * Validation (Epoch 147): Acc@1 93.950 Acc@5 99.720
10/04 06:30:29 PM | [Epoch 149/200] [JOINT TRAINING] LR: 0.008272 | w_params: 1.0000
10/04 06:31:06 PM |  * Validation (Epoch 148): Acc@1 93.760 Acc@5 99.770
10/04 06:31:08 PM | [Epoch 150/200] [JOINT TRAINING] LR: 0.007975 | w_params: 1.0000
10/04 06:31:45 PM |  * Validation (Epoch 149): Acc@1 94.260 Acc@5 99.820
10/04 06:31:45 PM | ==> New best accuracy: 94.26% at epoch 150
10/04 06:31:48 PM | [Epoch 151/200] [JOINT TRAINING] LR: 0.007682 | w_params: 1.0000
10/04 06:31:49 PM | [Visualizer] Generating uncertainty-budget heatmap for epoch 150, batch 0...
10/04 06:31:49 PM | [Visualizer] Saved uncertainty-budget heatmap to ./result_e2e_datadriven/uncertainty_budget_heatmaps/uncertainty_budget_epoch_150_batch_000.png
10/04 06:31:49 PM | [Visualizer] Generating uncertainty-budget heatmap for epoch 150, batch 1...
10/04 06:31:50 PM | [Visualizer] Saved uncertainty-budget heatmap to ./result_e2e_datadriven/uncertainty_budget_heatmaps/uncertainty_budget_epoch_150_batch_001.png
10/04 06:32:27 PM |  * Validation (Epoch 150): Acc@1 94.570 Acc@5 99.770
10/04 06:32:27 PM | ==> New best accuracy: 94.57% at epoch 151
10/04 06:32:30 PM | [Epoch 152/200] [JOINT TRAINING] LR: 0.007394 | w_params: 1.0000
10/04 06:33:08 PM |  * Validation (Epoch 151): Acc@1 93.790 Acc@5 99.830
10/04 06:33:10 PM | [Epoch 153/200] [JOINT TRAINING] LR: 0.007110 | w_params: 1.0000
10/04 06:33:47 PM |  * Validation (Epoch 152): Acc@1 93.840 Acc@5 99.760
10/04 06:33:48 PM | [Epoch 154/200] [JOINT TRAINING] LR: 0.006831 | w_params: 1.0000
10/04 06:34:26 PM |  * Validation (Epoch 153): Acc@1 93.820 Acc@5 99.840
10/04 06:34:28 PM | [Epoch 155/200] [JOINT TRAINING] LR: 0.006557 | w_params: 1.0000
10/04 06:35:06 PM |  * Validation (Epoch 154): Acc@1 94.600 Acc@5 99.840
10/04 06:35:06 PM | ==> New best accuracy: 94.60% at epoch 155
10/04 06:35:09 PM | [Epoch 156/200] [JOINT TRAINING] LR: 0.006287 | w_params: 1.0000
10/04 06:35:47 PM |  * Validation (Epoch 155): Acc@1 93.800 Acc@5 99.890
10/04 06:35:48 PM | [Epoch 157/200] [JOINT TRAINING] LR: 0.006023 | w_params: 1.0000
10/04 06:36:25 PM |  * Validation (Epoch 156): Acc@1 94.410 Acc@5 99.790
10/04 06:36:27 PM | [Epoch 158/200] [JOINT TRAINING] LR: 0.005763 | w_params: 1.0000
10/04 06:37:04 PM |  * Validation (Epoch 157): Acc@1 94.700 Acc@5 99.790
10/04 06:37:04 PM | ==> New best accuracy: 94.70% at epoch 158
10/04 06:37:07 PM | [Epoch 159/200] [JOINT TRAINING] LR: 0.005508 | w_params: 1.0000
10/04 06:37:45 PM |  * Validation (Epoch 158): Acc@1 94.560 Acc@5 99.790
10/04 06:37:46 PM | [Epoch 160/200] [JOINT TRAINING] LR: 0.005258 | w_params: 1.0000
10/04 06:38:24 PM |  * Validation (Epoch 159): Acc@1 94.710 Acc@5 99.840
10/04 06:38:24 PM | ==> New best accuracy: 94.71% at epoch 160
10/04 06:38:27 PM | [Epoch 161/200] [JOINT TRAINING] LR: 0.005014 | w_params: 1.0000
10/04 06:39:04 PM |  * Validation (Epoch 160): Acc@1 94.870 Acc@5 99.850
10/04 06:39:04 PM | ==> New best accuracy: 94.87% at epoch 161
10/04 06:39:07 PM | [Epoch 162/200] [JOINT TRAINING] LR: 0.004775 | w_params: 1.0000
10/04 06:39:45 PM |  * Validation (Epoch 161): Acc@1 95.160 Acc@5 99.840
10/04 06:39:45 PM | ==> New best accuracy: 95.16% at epoch 162
10/04 06:39:48 PM | [Epoch 163/200] [JOINT TRAINING] LR: 0.004540 | w_params: 1.0000
10/04 06:40:26 PM |  * Validation (Epoch 162): Acc@1 94.790 Acc@5 99.790
10/04 06:40:27 PM | [Epoch 164/200] [JOINT TRAINING] LR: 0.004312 | w_params: 1.0000
10/04 06:41:04 PM |  * Validation (Epoch 163): Acc@1 94.680 Acc@5 99.850
10/04 06:41:06 PM | [Epoch 165/200] [JOINT TRAINING] LR: 0.004088 | w_params: 1.0000
10/04 06:41:43 PM |  * Validation (Epoch 164): Acc@1 95.220 Acc@5 99.880
10/04 06:41:43 PM | ==> New best accuracy: 95.22% at epoch 165
10/04 06:41:46 PM | [Epoch 166/200] [JOINT TRAINING] LR: 0.003870 | w_params: 1.0000
10/04 06:42:22 PM | [Visualizer] Generating static gate heatmap for epoch 165...
10/04 06:42:23 PM | [Visualizer] Saved static gate heatmap to ./result_e2e_datadriven/static_gate_heatmaps/gate_heatmap_epoch_165.png
10/04 06:42:25 PM |  * Validation (Epoch 165): Acc@1 95.330 Acc@5 99.820
10/04 06:42:25 PM | ==> New best accuracy: 95.33% at epoch 166
10/04 06:42:28 PM | [Epoch 167/200] [JOINT TRAINING] LR: 0.003658 | w_params: 1.0000
10/04 06:43:06 PM |  * Validation (Epoch 166): Acc@1 95.200 Acc@5 99.850
10/04 06:43:07 PM | [Epoch 168/200] [JOINT TRAINING] LR: 0.003451 | w_params: 1.0000
10/04 06:43:45 PM |  * Validation (Epoch 167): Acc@1 95.250 Acc@5 99.800
10/04 06:43:47 PM | [Epoch 169/200] [JOINT TRAINING] LR: 0.003249 | w_params: 1.0000
10/04 06:44:24 PM |  * Validation (Epoch 168): Acc@1 95.130 Acc@5 99.850
10/04 06:44:26 PM | [Epoch 170/200] [JOINT TRAINING] LR: 0.003054 | w_params: 1.0000
10/04 06:45:03 PM |  * Validation (Epoch 169): Acc@1 95.310 Acc@5 99.880
10/04 06:45:04 PM | [Epoch 171/200] [JOINT TRAINING] LR: 0.002864 | w_params: 1.0000
10/04 06:45:42 PM |  * Validation (Epoch 170): Acc@1 95.100 Acc@5 99.870
10/04 06:45:43 PM | [Epoch 172/200] [JOINT TRAINING] LR: 0.002679 | w_params: 1.0000
10/04 06:46:21 PM |  * Validation (Epoch 171): Acc@1 95.570 Acc@5 99.820
10/04 06:46:21 PM | ==> New best accuracy: 95.57% at epoch 172
10/04 06:46:24 PM | [Epoch 173/200] [JOINT TRAINING] LR: 0.002501 | w_params: 1.0000
10/04 06:47:02 PM |  * Validation (Epoch 172): Acc@1 95.300 Acc@5 99.750
10/04 06:47:04 PM | [Epoch 174/200] [JOINT TRAINING] LR: 0.002328 | w_params: 1.0000
10/04 06:47:42 PM |  * Validation (Epoch 173): Acc@1 95.450 Acc@5 99.860
10/04 06:47:44 PM | [Epoch 175/200] [JOINT TRAINING] LR: 0.002161 | w_params: 1.0000
10/04 06:48:22 PM |  * Validation (Epoch 174): Acc@1 95.430 Acc@5 99.860
10/04 06:48:23 PM | [Epoch 176/200] [JOINT TRAINING] LR: 0.002001 | w_params: 1.0000
10/04 06:48:23 PM | [Visualizer] Generating uncertainty-budget heatmap for epoch 175, batch 0...
10/04 06:48:24 PM | [Visualizer] Saved uncertainty-budget heatmap to ./result_e2e_datadriven/uncertainty_budget_heatmaps/uncertainty_budget_epoch_175_batch_000.png
10/04 06:48:24 PM | [Visualizer] Generating uncertainty-budget heatmap for epoch 175, batch 1...
10/04 06:48:25 PM | [Visualizer] Saved uncertainty-budget heatmap to ./result_e2e_datadriven/uncertainty_budget_heatmaps/uncertainty_budget_epoch_175_batch_001.png
10/04 06:49:03 PM |  * Validation (Epoch 175): Acc@1 95.590 Acc@5 99.850
10/04 06:49:03 PM | ==> New best accuracy: 95.59% at epoch 176
10/04 06:49:06 PM | [Epoch 177/200] [JOINT TRAINING] LR: 0.001846 | w_params: 1.0000
10/04 06:49:44 PM |  * Validation (Epoch 176): Acc@1 95.690 Acc@5 99.880
10/04 06:49:44 PM | ==> New best accuracy: 95.69% at epoch 177
10/04 06:49:47 PM | [Epoch 178/200] [JOINT TRAINING] LR: 0.001697 | w_params: 1.0000
10/04 06:50:24 PM |  * Validation (Epoch 177): Acc@1 95.750 Acc@5 99.850
10/04 06:50:24 PM | ==> New best accuracy: 95.75% at epoch 178
10/04 06:50:27 PM | [Epoch 179/200] [JOINT TRAINING] LR: 0.001554 | w_params: 1.0000
10/04 06:51:05 PM |  * Validation (Epoch 178): Acc@1 95.580 Acc@5 99.880
10/04 06:51:07 PM | [Epoch 180/200] [JOINT TRAINING] LR: 0.001417 | w_params: 1.0000
10/04 06:51:44 PM |  * Validation (Epoch 179): Acc@1 95.650 Acc@5 99.830
10/04 06:51:46 PM | [Epoch 181/200] [JOINT TRAINING] LR: 0.001287 | w_params: 1.0000
10/04 06:52:24 PM |  * Validation (Epoch 180): Acc@1 95.730 Acc@5 99.840
10/04 06:52:25 PM | [Epoch 182/200] [JOINT TRAINING] LR: 0.001162 | w_params: 1.0000
10/04 06:53:03 PM |  * Validation (Epoch 181): Acc@1 95.800 Acc@5 99.880
10/04 06:53:03 PM | ==> New best accuracy: 95.80% at epoch 182
10/04 06:53:06 PM | [Epoch 183/200] [JOINT TRAINING] LR: 0.001044 | w_params: 1.0000
10/04 06:53:44 PM |  * Validation (Epoch 182): Acc@1 95.800 Acc@5 99.850
10/04 06:53:45 PM | [Epoch 184/200] [JOINT TRAINING] LR: 0.000932 | w_params: 1.0000
10/04 06:54:23 PM |  * Validation (Epoch 183): Acc@1 95.730 Acc@5 99.850
10/04 06:54:24 PM | [Epoch 185/200] [JOINT TRAINING] LR: 0.000826 | w_params: 1.0000
10/04 06:55:02 PM |  * Validation (Epoch 184): Acc@1 95.770 Acc@5 99.850
10/04 06:55:04 PM | [Epoch 186/200] [JOINT TRAINING] LR: 0.000726 | w_params: 1.0000
10/04 06:55:41 PM |  * Validation (Epoch 185): Acc@1 95.720 Acc@5 99.850
10/04 06:55:43 PM | [Epoch 187/200] [JOINT TRAINING] LR: 0.000633 | w_params: 1.0000
10/04 06:56:21 PM |  * Validation (Epoch 186): Acc@1 95.830 Acc@5 99.880
10/04 06:56:21 PM | ==> New best accuracy: 95.83% at epoch 187
10/04 06:56:23 PM | [Epoch 188/200] [JOINT TRAINING] LR: 0.000546 | w_params: 1.0000
10/04 06:57:01 PM |  * Validation (Epoch 187): Acc@1 95.870 Acc@5 99.850
10/04 06:57:01 PM | ==> New best accuracy: 95.87% at epoch 188
10/04 06:57:04 PM | [Epoch 189/200] [JOINT TRAINING] LR: 0.000466 | w_params: 1.0000
10/04 06:57:42 PM |  * Validation (Epoch 188): Acc@1 95.790 Acc@5 99.830
10/04 06:57:43 PM | [Epoch 190/200] [JOINT TRAINING] LR: 0.000392 | w_params: 1.0000
10/04 06:58:21 PM |  * Validation (Epoch 189): Acc@1 95.760 Acc@5 99.840
10/04 06:58:23 PM | [Epoch 191/200] [JOINT TRAINING] LR: 0.000324 | w_params: 1.0000
10/04 06:59:00 PM |  * Validation (Epoch 190): Acc@1 95.790 Acc@5 99.870
10/04 06:59:02 PM | [Epoch 192/200] [JOINT TRAINING] LR: 0.000262 | w_params: 1.0000
10/04 06:59:39 PM |  * Validation (Epoch 191): Acc@1 95.780 Acc@5 99.880
10/04 06:59:41 PM | [Epoch 193/200] [JOINT TRAINING] LR: 0.000207 | w_params: 1.0000
10/04 07:00:18 PM |  * Validation (Epoch 192): Acc@1 95.830 Acc@5 99.850
10/04 07:00:20 PM | [Epoch 194/200] [JOINT TRAINING] LR: 0.000159 | w_params: 1.0000
10/04 07:00:57 PM |  * Validation (Epoch 193): Acc@1 95.850 Acc@5 99.860
10/04 07:00:59 PM | [Epoch 195/200] [JOINT TRAINING] LR: 0.000117 | w_params: 1.0000
10/04 07:01:37 PM |  * Validation (Epoch 194): Acc@1 95.940 Acc@5 99.900
10/04 07:01:37 PM | ==> New best accuracy: 95.94% at epoch 195
10/04 07:01:40 PM | [Epoch 196/200] [JOINT TRAINING] LR: 0.000081 | w_params: 1.0000
10/04 07:01:40 PM | [Visualizer] Generating uncertainty-budget heatmap for epoch 195, batch 0...
10/04 07:01:41 PM | [Visualizer] Saved uncertainty-budget heatmap to ./result_e2e_datadriven/uncertainty_budget_heatmaps/uncertainty_budget_epoch_195_batch_000.png
10/04 07:01:41 PM | [Visualizer] Generating uncertainty-budget heatmap for epoch 195, batch 1...
10/04 07:01:42 PM | [Visualizer] Saved uncertainty-budget heatmap to ./result_e2e_datadriven/uncertainty_budget_heatmaps/uncertainty_budget_epoch_195_batch_001.png
10/04 07:02:17 PM | [Visualizer] Generating static gate heatmap for epoch 195...
10/04 07:02:18 PM | [Visualizer] Saved static gate heatmap to ./result_e2e_datadriven/static_gate_heatmaps/gate_heatmap_epoch_195.png
10/04 07:02:20 PM |  * Validation (Epoch 195): Acc@1 95.810 Acc@5 99.870
10/04 07:02:22 PM | [Epoch 197/200] [JOINT TRAINING] LR: 0.000052 | w_params: 1.0000
10/04 07:02:59 PM |  * Validation (Epoch 196): Acc@1 95.700 Acc@5 99.860
10/04 07:03:01 PM | [Epoch 198/200] [JOINT TRAINING] LR: 0.000029 | w_params: 1.0000
10/04 07:03:38 PM |  * Validation (Epoch 197): Acc@1 95.920 Acc@5 99.870
10/04 07:03:40 PM | [Epoch 199/200] [JOINT TRAINING] LR: 0.000013 | w_params: 1.0000
10/04 07:04:18 PM |  * Validation (Epoch 198): Acc@1 95.720 Acc@5 99.850
10/04 07:04:19 PM | [Epoch 200/200] [JOINT TRAINING] LR: 0.000003 | w_params: 1.0000
10/04 07:04:57 PM |  * Validation (Epoch 199): Acc@1 95.850 Acc@5 99.860
10/04 07:04:58 PM | End-to-end training completed. Best validation accuracy: 95.940%
10/04 07:04:58 PM | 
############################################################
10/04 07:04:58 PM | #####      ANALYZING FINAL PRUNED MODEL STATS (UNIFIED)      #####
10/04 07:04:58 PM | ############################################################

10/04 07:04:58 PM | --- [Step 1] Baseline Full Model Stats ---
10/04 07:04:58 PM |   - Original Model Parameters: 44.341 M
10/04 07:04:58 PM |   - Original Model Max FLOPs:  1559.586 M
10/04 07:04:58 PM | 
--- [Step 2] Final Static Structure Stats ---
10/04 07:04:58 PM |   - Statically Pruned Model Parameters: 22.774 M
10/04 07:04:58 PM | 
--- [Step 3] Calculating Average Dynamic FLOPs... ---
10/04 07:04:58 PM | --- [Unified FLOPs Calculator] Starting final analysis over validation set...
10/04 07:05:01 PM | --- [Unified FLOPs Calculator] Analysis complete.
10/04 07:05:01 PM |     - Average Total FLOPs: 862.746 M
10/04 07:05:01 PM | 
--- [Step 4] Pruning Analysis Summary ---
10/04 07:05:01 PM |   - Parameters: 44.341 M -> 22.774 M (Reduced by 48.64%)
10/04 07:05:01 PM |   - FLOPs:      1.560 G -> 0.863 G (Avg, Reduced by 44.68%)
10/04 07:05:01 PM | 
--- [Step 5] Final Performance Validation ---
10/04 07:05:03 PM |  * Final Performance Validation: Acc@1 95.850 Acc@5 99.860
10/04 07:05:03 PM | 
############################################################
10/04 07:05:03 PM | #####      ANALYSIS COMPLETE      #####
10/04 07:05:03 PM | ############################################################

10/04 07:05:03 PM | End-to-end pruning process finished successfully.
