10/05 02:07:35 PM | Args: Namespace(lr=0.05, epochs=200, batch_size=128, save_dir='run_cifar100', dataset_path='/home/dancer/wxr_code/e2e_prune/data', gpu_id='4', alpha_final=0.2, w_params_final=1.0, w_params_anneal_epochs=75, target_static_params_ratio=0.7, warmup_epochs=50, annealing_epochs_pct=0.7, dynamic_rate_start=0.7, dynamic_rate_end=0.7, gate_threshold=0.1, backbone='resnet34', bottleneck_strategy='A', dataset='cifar100', img_size=None, num_workers=4, imagenet_train_dir='/home/dancer/PublicData/ImageNet/train', imagenet_val_dir='/home/dancer/PublicData/ImageNet/val', target_flops_ratio=0.5)
10/05 02:07:37 PM | ==> Building full-size resnet34 for training and target calculation...
10/05 02:07:38 PM | ==> Accurately calculating FLOPs breakdown from a clean, original model...
10/05 02:07:41 PM | ==> FLOPs Sanity Check:
10/05 02:07:41 PM |   - Total FLOPs by Global Profile (Authoritative): 1193.097 M
10/05 02:07:41 PM |   - Total FLOPs by Sum of Parts:                 1193.088 M
10/05 02:07:41 PM |   - Discrepancy: 0.00%
10/05 02:07:41 PM | ==> [DEBUG] FLOPs Breakdown Details:
10/05 02:07:41 PM |   - [CoreOnly e2e]    1163.553 M
10/05 02:07:41 PM |   - [Global-Overhead] 1163.553 M
10/05 02:07:41 PM |   - [CoreOnly - SumScalable] 0.009 M
10/05 02:07:41 PM |   - Input to layer1: (C,H,W)=(64,32,32)
10/05 02:07:41 PM |   - Input to layer2: (C,H,W)=(64,32,32)
10/05 02:07:41 PM |   - Input to layer3: (C,H,W)=(128,16,16)
10/05 02:07:41 PM |   - Input to layer4: (C,H,W)=(256,8,8)
10/05 02:07:41 PM |   - conv1+bn1 FLOPs: 2.032 M
10/05 02:07:41 PM |   - layer1 FLOPs:     228.065 M
10/05 02:07:41 PM |   - layer2 FLOPs:     286.392 M
10/05 02:07:41 PM |   - layer3 FLOPs:     437.060 M
10/05 02:07:41 PM |   - layer4 FLOPs:     209.945 M
10/05 02:07:41 PM |   - fc FLOPs:         0.051 M
10/05 02:07:41 PM |   - Scalable total:   1163.545 M
10/05 02:07:41 PM |   - layer1 has 3 blocks; per-block FLOPs (M): [76.022, 76.022, 76.022]
10/05 02:07:41 PM |     per-block inputs (C,H,W): [(64, 32, 32), (64, 32, 32), (64, 32, 32)]
10/05 02:07:41 PM |     layer1 sum by blocks (M): 228.065
10/05 02:07:41 PM |   - layer2 has 4 blocks; per-block FLOPs (M): [59.113, 75.76, 75.76, 75.76]
10/05 02:07:41 PM |     per-block inputs (C,H,W): [(64, 32, 32), (128, 16, 16), (128, 16, 16), (128, 16, 16)]
10/05 02:07:41 PM |     layer2 sum by blocks (M): 286.392
10/05 02:07:41 PM |   - layer3 has 6 blocks; per-block FLOPs (M): [58.917, 75.629, 75.629, 75.629, 75.629, 75.629]
10/05 02:07:41 PM |     per-block inputs (C,H,W): [(128, 16, 16), (256, 8, 8), (256, 8, 8), (256, 8, 8), (256, 8, 8), (256, 8, 8)]
10/05 02:07:41 PM |     layer3 sum by blocks (M): 437.060
10/05 02:07:41 PM |   - layer4 has 3 blocks; per-block FLOPs (M): [58.819, 75.563, 75.563]
10/05 02:07:41 PM |     per-block inputs (C,H,W): [(256, 8, 8), (512, 4, 4), (512, 4, 4)]
10/05 02:07:41 PM |     layer4 sum by blocks (M): 209.945
10/05 02:07:41 PM |   - Overhead:gating   1.257 M
10/05 02:07:41 PM |   - Overhead:static   0.901 M
10/05 02:07:41 PM |   - Overhead:aux      6.128 M
10/05 02:07:41 PM |   - Overhead:budget   0.001 M
10/05 02:07:41 PM |   - Overhead:misc     21.257 M
10/05 02:07:41 PM |   - Overhead total:   29.544 M
10/05 02:07:41 PM |   - Sum (Scalable+Overhead): 1193.088 M
10/05 02:07:41 PM | ==> Final FLOPs Targets:
10/05 02:07:41 PM |   - Max Theoretical FLOPs: 1193.10 M
10/05 02:07:41 PM |   - Target Total FLOPs (50.0%): 596.55 M
10/05 02:07:41 PM |   - Target Scalable FLOPs for Training: 564.92 M
10/05 02:07:41 PM | Full model total parameters: 23.912 M
10/05 02:07:41 PM | Target total parameters (70.0%): 16.738 M
10/05 02:07:41 PM | ==> Main model for training is ready.
10/05 02:07:41 PM | ==> Building main model for training...
10/05 02:07:42 PM | ==> Separating parameters into four groups for optimization...
10/05 02:07:42 PM |  - Main backbone params: 110 tensors.
10/05 02:07:42 PM |  - Gating (logit & static) params: 96 tensors.
10/05 02:07:42 PM |  - Auxiliary head params: 15 tensors.
10/05 02:07:42 PM |  - Budget generator params: 18 tensors.
10/05 02:07:42 PM | ==> Four optimizers created successfully.
10/05 02:07:42 PM | ==> LR scheduler set: 5-epoch linear warmup + Cosine Annealing.
10/05 02:07:42 PM | 
############################################################
10/05 02:07:42 PM | #####      STARTING UNIFIED ADAPTIVE TRAINING      #####
10/05 02:07:42 PM | Total Epochs: 200, Warmup Epochs: 50
10/05 02:07:42 PM | Loss Weights: w_aux=0.1, w_flops=2.0, w_params_final=1.0
10/05 02:07:42 PM | Target Total FLOPs: 596.55 MFLOPs
10/05 02:07:42 PM | Target Total FLOPs (Train): 564.92 MFLOPs
10/05 02:07:42 PM | ############################################################

10/05 02:07:42 PM | [Epoch 1/200] [WARMUP] LR: 0.004000 | w_params: 0.0000
10/05 02:07:56 PM |  * Validation (Epoch 0): Acc@1 11.820 Acc@5 34.830
10/05 02:07:56 PM | ==> New best accuracy: 11.82% at epoch 1
10/05 02:07:58 PM | [Epoch 2/200] [WARMUP] LR: 0.013200 | w_params: 0.0000
10/05 02:08:09 PM |  * Validation (Epoch 1): Acc@1 22.170 Acc@5 50.440
10/05 02:08:09 PM | ==> New best accuracy: 22.17% at epoch 2
10/05 02:08:11 PM | [Epoch 3/200] [WARMUP] LR: 0.022400 | w_params: 0.0000
10/05 02:08:22 PM |  * Validation (Epoch 2): Acc@1 25.870 Acc@5 57.030
10/05 02:08:22 PM | ==> New best accuracy: 25.87% at epoch 3
10/05 02:08:24 PM | [Epoch 4/200] [WARMUP] LR: 0.031600 | w_params: 0.0000
10/05 02:08:35 PM |  * Validation (Epoch 3): Acc@1 34.190 Acc@5 66.880
10/05 02:08:35 PM | ==> New best accuracy: 34.19% at epoch 4
10/05 02:08:37 PM | [Epoch 5/200] [WARMUP] LR: 0.040800 | w_params: 0.0000
10/05 02:08:50 PM |  * Validation (Epoch 4): Acc@1 35.180 Acc@5 67.890
10/05 02:08:50 PM | ==> New best accuracy: 35.18% at epoch 5
10/05 02:08:52 PM | [Epoch 6/200] [WARMUP] LR: 0.050000 | w_params: 0.0000
10/05 02:08:52 PM | [Visualizer] Generating uncertainty heatmap for epoch 5, batch 0...
10/05 02:08:52 PM | [Visualizer] Saved uncertainty heatmap to run_cifar100/uncertainty_heatmaps/uncertainty_epoch_005_batch_000.png
10/05 02:08:52 PM | [Visualizer] Generating uncertainty heatmap for epoch 5, batch 1...
10/05 02:08:53 PM | [Visualizer] Saved uncertainty heatmap to run_cifar100/uncertainty_heatmaps/uncertainty_epoch_005_batch_001.png
10/05 02:09:04 PM | [WarmupDiag] static_gate param ranges: min=1.0000, max=1.0000 (expect ~1.0)
10/05 02:09:04 PM | [Visualizer] Generating static gate heatmap for epoch 5...
10/05 02:09:04 PM | [Visualizer][layer1] unique(rounded) values: [0.73] ... total=1
10/05 02:09:04 PM | [Visualizer][layer2] unique(rounded) values: [0.73] ... total=1
10/05 02:09:04 PM | [Visualizer][layer3] unique(rounded) values: [0.73] ... total=1
10/05 02:09:04 PM | [Visualizer][layer4] unique(rounded) values: [0.73] ... total=1
10/05 02:09:05 PM | [Visualizer] Saved static gate heatmap to run_cifar100/static_gate_heatmaps/gate_heatmap_epoch_005.png
10/05 02:09:06 PM |  * Validation (Epoch 5): Acc@1 41.460 Acc@5 73.680
10/05 02:09:06 PM | ==> New best accuracy: 41.46% at epoch 6
10/05 02:09:07 PM | [Epoch 7/200] [WARMUP] LR: 0.049997 | w_params: 0.0000
10/05 02:09:23 PM |  * Validation (Epoch 6): Acc@1 44.160 Acc@5 75.430
10/05 02:09:23 PM | ==> New best accuracy: 44.16% at epoch 7
10/05 02:09:25 PM | [Epoch 8/200] [WARMUP] LR: 0.049987 | w_params: 0.0000
10/05 02:09:45 PM |  * Validation (Epoch 7): Acc@1 49.440 Acc@5 80.440
10/05 02:09:45 PM | ==> New best accuracy: 49.44% at epoch 8
10/05 02:09:47 PM | [Epoch 9/200] [WARMUP] LR: 0.049971 | w_params: 0.0000
10/05 02:10:08 PM |  * Validation (Epoch 8): Acc@1 48.330 Acc@5 79.850
10/05 02:10:09 PM | [Epoch 10/200] [WARMUP] LR: 0.049948 | w_params: 0.0000
10/05 02:10:21 PM |  * Validation (Epoch 9): Acc@1 53.500 Acc@5 82.590
10/05 02:10:21 PM | ==> New best accuracy: 53.50% at epoch 10
10/05 02:10:23 PM | [Epoch 11/200] [WARMUP] LR: 0.049919 | w_params: 0.0000
10/05 02:10:36 PM |  * Validation (Epoch 10): Acc@1 54.540 Acc@5 83.950
10/05 02:10:36 PM | ==> New best accuracy: 54.54% at epoch 11
10/05 02:10:38 PM | [Epoch 12/200] [WARMUP] LR: 0.049883 | w_params: 0.0000
10/05 02:10:51 PM |  * Validation (Epoch 11): Acc@1 53.040 Acc@5 82.860
10/05 02:10:52 PM | [Epoch 13/200] [WARMUP] LR: 0.049841 | w_params: 0.0000
10/05 02:11:10 PM |  * Validation (Epoch 12): Acc@1 54.900 Acc@5 83.230
10/05 02:11:10 PM | ==> New best accuracy: 54.90% at epoch 13
10/05 02:11:12 PM | [Epoch 14/200] [WARMUP] LR: 0.049793 | w_params: 0.0000
10/05 02:11:31 PM |  * Validation (Epoch 13): Acc@1 58.790 Acc@5 86.400
10/05 02:11:31 PM | ==> New best accuracy: 58.79% at epoch 14
10/05 02:11:32 PM | [Epoch 15/200] [WARMUP] LR: 0.049738 | w_params: 0.0000
10/05 02:11:48 PM |  * Validation (Epoch 14): Acc@1 58.700 Acc@5 86.910
10/05 02:11:49 PM | [Epoch 16/200] [WARMUP] LR: 0.049676 | w_params: 0.0000
10/05 02:11:49 PM | [Visualizer] Generating uncertainty heatmap for epoch 15, batch 0...
10/05 02:11:49 PM | [Visualizer] Saved uncertainty heatmap to run_cifar100/uncertainty_heatmaps/uncertainty_epoch_015_batch_000.png
10/05 02:11:49 PM | [Visualizer] Generating uncertainty heatmap for epoch 15, batch 1...
10/05 02:11:50 PM | [Visualizer] Saved uncertainty heatmap to run_cifar100/uncertainty_heatmaps/uncertainty_epoch_015_batch_001.png
10/05 02:12:04 PM |  * Validation (Epoch 15): Acc@1 59.540 Acc@5 86.730
10/05 02:12:04 PM | ==> New best accuracy: 59.54% at epoch 16
10/05 02:12:06 PM | [Epoch 17/200] [WARMUP] LR: 0.049608 | w_params: 0.0000
10/05 02:12:24 PM |  * Validation (Epoch 16): Acc@1 57.550 Acc@5 85.680
10/05 02:12:25 PM | [Epoch 18/200] [WARMUP] LR: 0.049534 | w_params: 0.0000
10/05 02:12:46 PM |  * Validation (Epoch 17): Acc@1 56.810 Acc@5 84.500
10/05 02:12:47 PM | [Epoch 19/200] [WARMUP] LR: 0.049454 | w_params: 0.0000
10/05 02:13:07 PM |  * Validation (Epoch 18): Acc@1 59.460 Acc@5 86.680
10/05 02:13:08 PM | [Epoch 20/200] [WARMUP] LR: 0.049367 | w_params: 0.0000
10/05 02:13:26 PM |  * Validation (Epoch 19): Acc@1 61.570 Acc@5 87.980
10/05 02:13:26 PM | ==> New best accuracy: 61.57% at epoch 20
10/05 02:13:29 PM | [Epoch 21/200] [WARMUP] LR: 0.049274 | w_params: 0.0000
10/05 02:13:46 PM |  * Validation (Epoch 20): Acc@1 61.620 Acc@5 88.390
10/05 02:13:46 PM | ==> New best accuracy: 61.62% at epoch 21
10/05 02:13:48 PM | [Epoch 22/200] [WARMUP] LR: 0.049174 | w_params: 0.0000
10/05 02:14:08 PM |  * Validation (Epoch 21): Acc@1 62.900 Acc@5 88.510
10/05 02:14:08 PM | ==> New best accuracy: 62.90% at epoch 22
10/05 02:14:10 PM | [Epoch 23/200] [WARMUP] LR: 0.049068 | w_params: 0.0000
10/05 02:14:28 PM |  * Validation (Epoch 22): Acc@1 59.760 Acc@5 86.690
10/05 02:14:29 PM | [Epoch 24/200] [WARMUP] LR: 0.048956 | w_params: 0.0000
10/05 02:14:48 PM |  * Validation (Epoch 23): Acc@1 62.000 Acc@5 88.340
10/05 02:14:49 PM | [Epoch 25/200] [WARMUP] LR: 0.048838 | w_params: 0.0000
10/05 02:15:09 PM |  * Validation (Epoch 24): Acc@1 63.620 Acc@5 88.530
10/05 02:15:09 PM | ==> New best accuracy: 63.62% at epoch 25
10/05 02:15:11 PM | [Epoch 26/200] [WARMUP] LR: 0.048713 | w_params: 0.0000
10/05 02:15:25 PM |  * Validation (Epoch 25): Acc@1 63.520 Acc@5 89.020
10/05 02:15:26 PM | [Epoch 27/200] [WARMUP] LR: 0.048583 | w_params: 0.0000
10/05 02:15:47 PM |  * Validation (Epoch 26): Acc@1 64.160 Acc@5 89.500
10/05 02:15:47 PM | ==> New best accuracy: 64.16% at epoch 27
10/05 02:15:48 PM | [Epoch 28/200] [WARMUP] LR: 0.048446 | w_params: 0.0000
10/05 02:16:08 PM |  * Validation (Epoch 27): Acc@1 64.080 Acc@5 88.450
10/05 02:16:09 PM | [Epoch 29/200] [WARMUP] LR: 0.048303 | w_params: 0.0000
10/05 02:16:23 PM |  * Validation (Epoch 28): Acc@1 64.150 Acc@5 88.890
10/05 02:16:24 PM | [Epoch 30/200] [WARMUP] LR: 0.048154 | w_params: 0.0000
10/05 02:16:44 PM |  * Validation (Epoch 29): Acc@1 61.270 Acc@5 88.100
10/05 02:16:45 PM | [Epoch 31/200] [WARMUP] LR: 0.047999 | w_params: 0.0000
10/05 02:17:03 PM |  * Validation (Epoch 30): Acc@1 60.440 Acc@5 86.470
10/05 02:17:04 PM | [Epoch 32/200] [WARMUP] LR: 0.047839 | w_params: 0.0000
10/05 02:17:22 PM |  * Validation (Epoch 31): Acc@1 63.400 Acc@5 88.880
10/05 02:17:23 PM | [Epoch 33/200] [WARMUP] LR: 0.047672 | w_params: 0.0000
10/05 02:17:35 PM |  * Validation (Epoch 32): Acc@1 61.400 Acc@5 87.160
10/05 02:17:36 PM | [Epoch 34/200] [WARMUP] LR: 0.047499 | w_params: 0.0000
10/05 02:17:56 PM |  * Validation (Epoch 33): Acc@1 64.530 Acc@5 89.320
10/05 02:17:56 PM | ==> New best accuracy: 64.53% at epoch 34
10/05 02:17:58 PM | [Epoch 35/200] [WARMUP] LR: 0.047321 | w_params: 0.0000
10/05 02:18:14 PM |  * Validation (Epoch 34): Acc@1 64.980 Acc@5 89.440
10/05 02:18:14 PM | ==> New best accuracy: 64.98% at epoch 35
10/05 02:18:16 PM | [Epoch 36/200] [WARMUP] LR: 0.047136 | w_params: 0.0000
10/05 02:18:16 PM | [Visualizer] Generating uncertainty heatmap for epoch 35, batch 0...
10/05 02:18:17 PM | [Visualizer] Saved uncertainty heatmap to run_cifar100/uncertainty_heatmaps/uncertainty_epoch_035_batch_000.png
10/05 02:18:17 PM | [Visualizer] Generating uncertainty heatmap for epoch 35, batch 1...
10/05 02:18:17 PM | [Visualizer] Saved uncertainty heatmap to run_cifar100/uncertainty_heatmaps/uncertainty_epoch_035_batch_001.png
10/05 02:18:31 PM | [WarmupDiag] static_gate param ranges: min=1.0000, max=1.0000 (expect ~1.0)
10/05 02:18:31 PM | [Visualizer] Generating static gate heatmap for epoch 35...
10/05 02:18:31 PM | [Visualizer][layer1] unique(rounded) values: [0.73] ... total=1
10/05 02:18:31 PM | [Visualizer][layer2] unique(rounded) values: [0.73] ... total=1
10/05 02:18:31 PM | [Visualizer][layer3] unique(rounded) values: [0.73] ... total=1
10/05 02:18:31 PM | [Visualizer][layer4] unique(rounded) values: [0.73] ... total=1
10/05 02:18:32 PM | [Visualizer] Saved static gate heatmap to run_cifar100/static_gate_heatmaps/gate_heatmap_epoch_035.png
10/05 02:18:33 PM |  * Validation (Epoch 35): Acc@1 63.400 Acc@5 87.860
10/05 02:18:34 PM | [Epoch 37/200] [WARMUP] LR: 0.046946 | w_params: 0.0000
10/05 02:18:54 PM |  * Validation (Epoch 36): Acc@1 61.700 Acc@5 87.250
10/05 02:18:55 PM | [Epoch 38/200] [WARMUP] LR: 0.046751 | w_params: 0.0000
10/05 02:19:12 PM |  * Validation (Epoch 37): Acc@1 63.350 Acc@5 88.480
10/05 02:19:13 PM | [Epoch 39/200] [WARMUP] LR: 0.046549 | w_params: 0.0000
10/05 02:19:29 PM |  * Validation (Epoch 38): Acc@1 63.310 Acc@5 88.430
10/05 02:19:30 PM | [Epoch 40/200] [WARMUP] LR: 0.046342 | w_params: 0.0000
10/05 02:19:44 PM |  * Validation (Epoch 39): Acc@1 65.680 Acc@5 89.310
10/05 02:19:44 PM | ==> New best accuracy: 65.68% at epoch 40
10/05 02:19:46 PM | [Epoch 41/200] [WARMUP] LR: 0.046130 | w_params: 0.0000
10/05 02:20:00 PM |  * Validation (Epoch 40): Acc@1 62.850 Acc@5 88.090
10/05 02:20:01 PM | [Epoch 42/200] [WARMUP] LR: 0.045912 | w_params: 0.0000
10/05 02:20:15 PM |  * Validation (Epoch 41): Acc@1 64.010 Acc@5 88.990
10/05 02:20:16 PM | [Epoch 43/200] [WARMUP] LR: 0.045688 | w_params: 0.0000
10/05 02:20:36 PM |  * Validation (Epoch 42): Acc@1 63.970 Acc@5 88.070
10/05 02:20:37 PM | [Epoch 44/200] [WARMUP] LR: 0.045460 | w_params: 0.0000
10/05 02:20:57 PM |  * Validation (Epoch 43): Acc@1 64.020 Acc@5 87.970
10/05 02:20:58 PM | [Epoch 45/200] [WARMUP] LR: 0.045225 | w_params: 0.0000
10/05 02:21:12 PM |  * Validation (Epoch 44): Acc@1 65.410 Acc@5 89.210
10/05 02:21:13 PM | [Epoch 46/200] [WARMUP] LR: 0.044986 | w_params: 0.0000
10/05 02:21:26 PM |  * Validation (Epoch 45): Acc@1 65.090 Acc@5 88.990
10/05 02:21:27 PM | [Epoch 47/200] [WARMUP] LR: 0.044742 | w_params: 0.0000
10/05 02:21:47 PM |  * Validation (Epoch 46): Acc@1 63.120 Acc@5 87.760
10/05 02:21:48 PM | [Epoch 48/200] [WARMUP] LR: 0.044492 | w_params: 0.0000
10/05 02:22:09 PM |  * Validation (Epoch 47): Acc@1 63.890 Acc@5 88.490
10/05 02:22:10 PM | [Epoch 49/200] [WARMUP] LR: 0.044237 | w_params: 0.0000
10/05 02:22:26 PM |  * Validation (Epoch 48): Acc@1 64.620 Acc@5 88.910
10/05 02:22:27 PM | [Epoch 50/200] [WARMUP] LR: 0.043977 | w_params: 0.0000
10/05 02:22:47 PM |  * Validation (Epoch 49): Acc@1 64.280 Acc@5 88.720
10/05 02:22:48 PM | [Epoch 51/200] [JOINT TRAINING] LR: 0.043713 | w_params: 0.0000
10/05 02:22:48 PM | [Visualizer] Generating uncertainty-budget heatmap for epoch 50, batch 0...
10/05 02:22:49 PM | [Visualizer] Saved uncertainty-budget heatmap to run_cifar100/uncertainty_budget_heatmaps/uncertainty_budget_epoch_050_batch_000.png
10/05 02:22:49 PM | [Visualizer] Generating uncertainty-budget heatmap for epoch 50, batch 1...
10/05 02:22:50 PM | [Visualizer] Saved uncertainty-budget heatmap to run_cifar100/uncertainty_budget_heatmaps/uncertainty_budget_epoch_050_batch_001.png
10/05 02:23:38 PM |  * Validation (Epoch 50): Acc@1 39.480 Acc@5 69.700
10/05 02:23:39 PM | [Epoch 52/200] [JOINT TRAINING] LR: 0.043443 | w_params: 0.0133
10/05 02:24:23 PM |  * Validation (Epoch 51): Acc@1 47.510 Acc@5 78.540
10/05 02:24:24 PM | [Epoch 53/200] [JOINT TRAINING] LR: 0.043169 | w_params: 0.0267
10/05 02:25:01 PM |  * Validation (Epoch 52): Acc@1 48.150 Acc@5 77.550
10/05 02:25:02 PM | [Epoch 54/200] [JOINT TRAINING] LR: 0.042890 | w_params: 0.0400
10/05 02:25:36 PM |  * Validation (Epoch 53): Acc@1 52.660 Acc@5 81.830
10/05 02:25:37 PM | [Epoch 55/200] [JOINT TRAINING] LR: 0.042606 | w_params: 0.0533
10/05 02:26:21 PM |  * Validation (Epoch 54): Acc@1 52.210 Acc@5 81.530
10/05 02:26:22 PM | [Epoch 56/200] [JOINT TRAINING] LR: 0.042318 | w_params: 0.0667
10/05 02:27:07 PM |  * Validation (Epoch 55): Acc@1 55.690 Acc@5 84.330
10/05 02:27:08 PM | [Epoch 57/200] [JOINT TRAINING] LR: 0.042025 | w_params: 0.0800
10/05 02:27:58 PM |  * Validation (Epoch 56): Acc@1 53.630 Acc@5 82.820
10/05 02:27:59 PM | [Epoch 58/200] [JOINT TRAINING] LR: 0.041728 | w_params: 0.0933
10/05 02:28:51 PM |  * Validation (Epoch 57): Acc@1 56.160 Acc@5 84.830
10/05 02:28:52 PM | [Epoch 59/200] [JOINT TRAINING] LR: 0.041427 | w_params: 0.1067
10/05 02:29:43 PM |  * Validation (Epoch 58): Acc@1 56.850 Acc@5 84.260
10/05 02:29:44 PM | [Epoch 60/200] [JOINT TRAINING] LR: 0.041121 | w_params: 0.1200
10/05 02:30:32 PM |  * Validation (Epoch 59): Acc@1 55.590 Acc@5 84.480
10/05 02:30:33 PM | [Epoch 61/200] [JOINT TRAINING] LR: 0.040811 | w_params: 0.1333
10/05 02:31:16 PM |  * Validation (Epoch 60): Acc@1 55.980 Acc@5 84.590
10/05 02:31:18 PM | [Epoch 62/200] [JOINT TRAINING] LR: 0.040497 | w_params: 0.1467
10/05 02:31:55 PM |  * Validation (Epoch 61): Acc@1 55.690 Acc@5 85.130
10/05 02:31:56 PM | [Epoch 63/200] [JOINT TRAINING] LR: 0.040179 | w_params: 0.1600
10/05 02:32:44 PM |  * Validation (Epoch 62): Acc@1 55.130 Acc@5 83.850
10/05 02:32:45 PM | [Epoch 64/200] [JOINT TRAINING] LR: 0.039857 | w_params: 0.1733
10/05 02:33:28 PM |  * Validation (Epoch 63): Acc@1 56.150 Acc@5 84.700
10/05 02:33:29 PM | [Epoch 65/200] [JOINT TRAINING] LR: 0.039531 | w_params: 0.1867
10/05 02:33:59 PM |  * Validation (Epoch 64): Acc@1 58.700 Acc@5 85.890
10/05 02:34:00 PM | [Epoch 66/200] [JOINT TRAINING] LR: 0.039202 | w_params: 0.2000
10/05 02:34:36 PM |  * Validation (Epoch 65): Acc@1 59.730 Acc@5 86.160
10/05 02:34:37 PM | [Epoch 67/200] [JOINT TRAINING] LR: 0.038868 | w_params: 0.2133
10/05 02:35:08 PM |  * Validation (Epoch 66): Acc@1 59.700 Acc@5 86.560
10/05 02:35:09 PM | [Epoch 68/200] [JOINT TRAINING] LR: 0.038531 | w_params: 0.2267
10/05 02:35:37 PM |  * Validation (Epoch 67): Acc@1 59.590 Acc@5 86.640
10/05 02:35:38 PM | [Epoch 69/200] [JOINT TRAINING] LR: 0.038191 | w_params: 0.2400
10/05 02:36:13 PM |  * Validation (Epoch 68): Acc@1 59.090 Acc@5 85.610
10/05 02:36:14 PM | [Epoch 70/200] [JOINT TRAINING] LR: 0.037847 | w_params: 0.2533
10/05 02:37:05 PM |  * Validation (Epoch 69): Acc@1 61.340 Acc@5 86.930
10/05 02:37:06 PM | [Epoch 71/200] [JOINT TRAINING] LR: 0.037500 | w_params: 0.2667
10/05 02:37:46 PM |  * Validation (Epoch 70): Acc@1 60.090 Acc@5 86.290
10/05 02:37:47 PM | [Epoch 72/200] [JOINT TRAINING] LR: 0.037150 | w_params: 0.2800
10/05 02:38:34 PM |  * Validation (Epoch 71): Acc@1 61.340 Acc@5 86.780
10/05 02:38:35 PM | [Epoch 73/200] [JOINT TRAINING] LR: 0.036796 | w_params: 0.2933
10/05 02:39:28 PM |  * Validation (Epoch 72): Acc@1 60.530 Acc@5 86.800
10/05 02:39:29 PM | [Epoch 74/200] [JOINT TRAINING] LR: 0.036439 | w_params: 0.3067
10/05 02:40:20 PM |  * Validation (Epoch 73): Acc@1 62.180 Acc@5 88.070
10/05 02:40:21 PM | [Epoch 75/200] [JOINT TRAINING] LR: 0.036080 | w_params: 0.3200
10/05 02:41:15 PM |  * Validation (Epoch 74): Acc@1 62.050 Acc@5 87.860
10/05 02:41:16 PM | [Epoch 76/200] [JOINT TRAINING] LR: 0.035717 | w_params: 0.3333
10/05 02:41:17 PM | [Visualizer] Generating uncertainty-budget heatmap for epoch 75, batch 0...
10/05 02:41:17 PM | [Visualizer] Saved uncertainty-budget heatmap to run_cifar100/uncertainty_budget_heatmaps/uncertainty_budget_epoch_075_batch_000.png
10/05 02:41:18 PM | [Visualizer] Generating uncertainty-budget heatmap for epoch 75, batch 1...
10/05 02:41:18 PM | [Visualizer] Saved uncertainty-budget heatmap to run_cifar100/uncertainty_budget_heatmaps/uncertainty_budget_epoch_075_batch_001.png
10/05 02:42:07 PM | [Visualizer] Generating static gate heatmap for epoch 75...
10/05 02:42:07 PM | [Visualizer][layer1] unique(rounded) values: [0.07 0.09 0.11 0.12 0.15 0.17 0.2  0.22 0.3  0.31] ... total=72
10/05 02:42:07 PM | [Visualizer][layer2] unique(rounded) values: [0.04 0.08 0.09 0.1  0.11 0.12 0.15 0.16 0.17 0.18] ... total=85
10/05 02:42:07 PM | [Visualizer][layer3] unique(rounded) values: [0.2  0.3  0.35 0.36 0.37 0.38 0.39 0.42 0.43 0.44] ... total=66
10/05 02:42:07 PM | [Visualizer][layer4] unique(rounded) values: [0.61 0.66 0.69 0.72 0.73 0.74 0.75 0.77 0.78 0.79] ... total=31
10/05 02:42:08 PM | [Visualizer] Saved static gate heatmap to run_cifar100/static_gate_heatmaps/gate_heatmap_epoch_075.png
10/05 02:42:10 PM |  * Validation (Epoch 75): Acc@1 61.940 Acc@5 87.910
10/05 02:42:11 PM | [Epoch 77/200] [JOINT TRAINING] LR: 0.035352 | w_params: 0.3467
10/05 02:43:04 PM |  * Validation (Epoch 76): Acc@1 60.680 Acc@5 86.640
10/05 02:43:05 PM | [Epoch 78/200] [JOINT TRAINING] LR: 0.034984 | w_params: 0.3600
10/05 02:43:52 PM |  * Validation (Epoch 77): Acc@1 63.400 Acc@5 88.060
10/05 02:43:53 PM | [Epoch 79/200] [JOINT TRAINING] LR: 0.034614 | w_params: 0.3733
10/05 02:44:43 PM |  * Validation (Epoch 78): Acc@1 63.660 Acc@5 88.350
10/05 02:44:44 PM | [Epoch 80/200] [JOINT TRAINING] LR: 0.034241 | w_params: 0.3867
10/05 02:45:34 PM |  * Validation (Epoch 79): Acc@1 62.190 Acc@5 87.910
10/05 02:45:35 PM | [Epoch 81/200] [JOINT TRAINING] LR: 0.033865 | w_params: 0.4000
10/05 02:46:16 PM |  * Validation (Epoch 80): Acc@1 62.760 Acc@5 88.350
10/05 02:46:17 PM | [Epoch 82/200] [JOINT TRAINING] LR: 0.033487 | w_params: 0.4133
10/05 02:47:10 PM |  * Validation (Epoch 81): Acc@1 63.740 Acc@5 88.250
10/05 02:47:11 PM | [Epoch 83/200] [JOINT TRAINING] LR: 0.033107 | w_params: 0.4267
10/05 02:47:54 PM |  * Validation (Epoch 82): Acc@1 63.990 Acc@5 88.880
10/05 02:47:55 PM | [Epoch 84/200] [JOINT TRAINING] LR: 0.032725 | w_params: 0.4400
10/05 02:48:48 PM |  * Validation (Epoch 83): Acc@1 62.800 Acc@5 88.050
10/05 02:48:49 PM | [Epoch 85/200] [JOINT TRAINING] LR: 0.032341 | w_params: 0.4533
10/05 02:49:40 PM |  * Validation (Epoch 84): Acc@1 63.540 Acc@5 88.070
10/05 02:49:41 PM | [Epoch 86/200] [JOINT TRAINING] LR: 0.031955 | w_params: 0.4667
10/05 02:50:31 PM |  * Validation (Epoch 85): Acc@1 62.440 Acc@5 87.530
10/05 02:50:32 PM | [Epoch 87/200] [JOINT TRAINING] LR: 0.031568 | w_params: 0.4800
10/05 02:51:25 PM |  * Validation (Epoch 86): Acc@1 63.880 Acc@5 88.500
10/05 02:51:26 PM | [Epoch 88/200] [JOINT TRAINING] LR: 0.031178 | w_params: 0.4933
10/05 02:52:19 PM |  * Validation (Epoch 87): Acc@1 63.580 Acc@5 88.540
10/05 02:52:20 PM | [Epoch 89/200] [JOINT TRAINING] LR: 0.030787 | w_params: 0.5067
10/05 02:53:09 PM |  * Validation (Epoch 88): Acc@1 63.780 Acc@5 88.820
10/05 02:53:10 PM | [Epoch 90/200] [JOINT TRAINING] LR: 0.030395 | w_params: 0.5200
10/05 02:53:58 PM |  * Validation (Epoch 89): Acc@1 63.290 Acc@5 87.900
10/05 02:53:59 PM | [Epoch 91/200] [JOINT TRAINING] LR: 0.030001 | w_params: 0.5333
10/05 02:54:52 PM |  * Validation (Epoch 90): Acc@1 64.000 Acc@5 88.490
10/05 02:54:53 PM | [Epoch 92/200] [JOINT TRAINING] LR: 0.029605 | w_params: 0.5467
10/05 02:55:45 PM |  * Validation (Epoch 91): Acc@1 65.530 Acc@5 89.320
10/05 02:55:46 PM | [Epoch 93/200] [JOINT TRAINING] LR: 0.029209 | w_params: 0.5600
10/05 02:56:28 PM |  * Validation (Epoch 92): Acc@1 66.110 Acc@5 90.150
10/05 02:56:28 PM | ==> New best accuracy: 66.11% at epoch 93
10/05 02:56:30 PM | [Epoch 94/200] [JOINT TRAINING] LR: 0.028811 | w_params: 0.5733
10/05 02:57:20 PM |  * Validation (Epoch 93): Acc@1 65.070 Acc@5 88.670
10/05 02:57:21 PM | [Epoch 95/200] [JOINT TRAINING] LR: 0.028413 | w_params: 0.5867
10/05 02:58:03 PM |  * Validation (Epoch 94): Acc@1 64.340 Acc@5 89.100
10/05 02:58:04 PM | [Epoch 96/200] [JOINT TRAINING] LR: 0.028013 | w_params: 0.6000
10/05 02:58:47 PM |  * Validation (Epoch 95): Acc@1 65.190 Acc@5 89.210
10/05 02:58:48 PM | [Epoch 97/200] [JOINT TRAINING] LR: 0.027613 | w_params: 0.6133
10/05 02:59:32 PM |  * Validation (Epoch 96): Acc@1 65.350 Acc@5 88.990
10/05 02:59:33 PM | [Epoch 98/200] [JOINT TRAINING] LR: 0.027212 | w_params: 0.6267
10/05 03:00:22 PM |  * Validation (Epoch 97): Acc@1 64.240 Acc@5 88.280
10/05 03:00:23 PM | [Epoch 99/200] [JOINT TRAINING] LR: 0.026811 | w_params: 0.6400
10/05 03:01:14 PM |  * Validation (Epoch 98): Acc@1 66.010 Acc@5 89.690
10/05 03:01:15 PM | [Epoch 100/200] [JOINT TRAINING] LR: 0.026409 | w_params: 0.6533
10/05 03:02:08 PM |  * Validation (Epoch 99): Acc@1 65.080 Acc@5 88.980
10/05 03:02:09 PM | [Epoch 101/200] [JOINT TRAINING] LR: 0.026007 | w_params: 0.6667
10/05 03:02:10 PM | [Visualizer] Generating uncertainty-budget heatmap for epoch 100, batch 0...
10/05 03:02:10 PM | [Visualizer] Saved uncertainty-budget heatmap to run_cifar100/uncertainty_budget_heatmaps/uncertainty_budget_epoch_100_batch_000.png
10/05 03:02:10 PM | [Visualizer] Generating uncertainty-budget heatmap for epoch 100, batch 1...
10/05 03:02:11 PM | [Visualizer] Saved uncertainty-budget heatmap to run_cifar100/uncertainty_budget_heatmaps/uncertainty_budget_epoch_100_batch_001.png
10/05 03:03:02 PM |  * Validation (Epoch 100): Acc@1 66.640 Acc@5 90.120
10/05 03:03:02 PM | ==> New best accuracy: 66.64% at epoch 101
10/05 03:03:04 PM | [Epoch 102/200] [JOINT TRAINING] LR: 0.025604 | w_params: 0.6800
10/05 03:03:42 PM |  * Validation (Epoch 101): Acc@1 65.510 Acc@5 89.260
10/05 03:03:43 PM | [Epoch 103/200] [JOINT TRAINING] LR: 0.025201 | w_params: 0.6933
10/05 03:04:18 PM |  * Validation (Epoch 102): Acc@1 65.510 Acc@5 88.720
10/05 03:04:19 PM | [Epoch 104/200] [JOINT TRAINING] LR: 0.024799 | w_params: 0.7067
10/05 03:05:01 PM |  * Validation (Epoch 103): Acc@1 65.550 Acc@5 88.580
10/05 03:05:02 PM | [Epoch 105/200] [JOINT TRAINING] LR: 0.024396 | w_params: 0.7200
10/05 03:05:45 PM |  * Validation (Epoch 104): Acc@1 67.330 Acc@5 90.110
10/05 03:05:45 PM | ==> New best accuracy: 67.33% at epoch 105
10/05 03:05:46 PM | [Epoch 106/200] [JOINT TRAINING] LR: 0.023993 | w_params: 0.7333
10/05 03:06:32 PM | [Visualizer] Generating static gate heatmap for epoch 105...
10/05 03:06:32 PM | [Visualizer][layer1] unique(rounded) values: [0.01 0.02 0.03 0.04 0.05 0.06 0.07 0.08 0.1  0.11] ... total=87
10/05 03:06:32 PM | [Visualizer][layer2] unique(rounded) values: [0.01 0.02 0.03 0.04 0.05 0.06 0.07 0.08 0.09 0.1 ] ... total=94
10/05 03:06:32 PM | [Visualizer][layer3] unique(rounded) values: [0.04 0.07 0.08 0.11 0.12 0.13 0.14 0.16 0.17 0.18] ... total=92
10/05 03:06:32 PM | [Visualizer][layer4] unique(rounded) values: [0.04 0.05 0.06 0.07 0.08 0.09 0.1  0.2  0.21 0.31] ... total=53
10/05 03:06:33 PM | [Visualizer] Saved static gate heatmap to run_cifar100/static_gate_heatmaps/gate_heatmap_epoch_105.png
10/05 03:06:34 PM |  * Validation (Epoch 105): Acc@1 66.660 Acc@5 89.630
10/05 03:06:35 PM | [Epoch 107/200] [JOINT TRAINING] LR: 0.023591 | w_params: 0.7467
10/05 03:07:26 PM |  * Validation (Epoch 106): Acc@1 66.990 Acc@5 90.150
10/05 03:07:27 PM | [Epoch 108/200] [JOINT TRAINING] LR: 0.023189 | w_params: 0.7600
10/05 03:08:09 PM |  * Validation (Epoch 107): Acc@1 66.540 Acc@5 90.240
10/05 03:08:10 PM | [Epoch 109/200] [JOINT TRAINING] LR: 0.022788 | w_params: 0.7733
10/05 03:09:02 PM |  * Validation (Epoch 108): Acc@1 66.860 Acc@5 89.430
10/05 03:09:03 PM | [Epoch 110/200] [JOINT TRAINING] LR: 0.022387 | w_params: 0.7867
10/05 03:09:56 PM |  * Validation (Epoch 109): Acc@1 65.120 Acc@5 88.700
10/05 03:09:57 PM | [Epoch 111/200] [JOINT TRAINING] LR: 0.021987 | w_params: 0.8000
10/05 03:10:49 PM |  * Validation (Epoch 110): Acc@1 68.170 Acc@5 90.410
10/05 03:10:49 PM | ==> New best accuracy: 68.17% at epoch 111
10/05 03:10:51 PM | [Epoch 112/200] [JOINT TRAINING] LR: 0.021587 | w_params: 0.8133
10/05 03:11:42 PM |  * Validation (Epoch 111): Acc@1 67.660 Acc@5 90.260
10/05 03:11:43 PM | [Epoch 113/200] [JOINT TRAINING] LR: 0.021189 | w_params: 0.8267
10/05 03:12:29 PM |  * Validation (Epoch 112): Acc@1 67.350 Acc@5 90.150
10/05 03:12:30 PM | [Epoch 114/200] [JOINT TRAINING] LR: 0.020791 | w_params: 0.8400
10/05 03:13:19 PM |  * Validation (Epoch 113): Acc@1 67.500 Acc@5 90.010
10/05 03:13:20 PM | [Epoch 115/200] [JOINT TRAINING] LR: 0.020395 | w_params: 0.8533
10/05 03:14:00 PM |  * Validation (Epoch 114): Acc@1 68.870 Acc@5 91.020
10/05 03:14:00 PM | ==> New best accuracy: 68.87% at epoch 115
10/05 03:14:02 PM | [Epoch 116/200] [JOINT TRAINING] LR: 0.019999 | w_params: 0.8667
10/05 03:14:03 PM | [Visualizer] Generating uncertainty-budget heatmap for epoch 115, batch 0...
10/05 03:14:03 PM | [Visualizer] Saved uncertainty-budget heatmap to run_cifar100/uncertainty_budget_heatmaps/uncertainty_budget_epoch_115_batch_000.png
10/05 03:14:03 PM | [Visualizer] Generating uncertainty-budget heatmap for epoch 115, batch 1...
10/05 03:14:04 PM | [Visualizer] Saved uncertainty-budget heatmap to run_cifar100/uncertainty_budget_heatmaps/uncertainty_budget_epoch_115_batch_001.png
10/05 03:14:44 PM |  * Validation (Epoch 115): Acc@1 67.500 Acc@5 90.490
10/05 03:14:45 PM | [Epoch 117/200] [JOINT TRAINING] LR: 0.019605 | w_params: 0.8800
10/05 03:15:22 PM |  * Validation (Epoch 116): Acc@1 69.730 Acc@5 91.070
10/05 03:15:22 PM | ==> New best accuracy: 69.73% at epoch 117
10/05 03:15:24 PM | [Epoch 118/200] [JOINT TRAINING] LR: 0.019213 | w_params: 0.8933
10/05 03:16:11 PM |  * Validation (Epoch 117): Acc@1 69.340 Acc@5 91.030
10/05 03:16:12 PM | [Epoch 119/200] [JOINT TRAINING] LR: 0.018822 | w_params: 0.9067
10/05 03:16:58 PM |  * Validation (Epoch 118): Acc@1 68.640 Acc@5 90.850
10/05 03:16:59 PM | [Epoch 120/200] [JOINT TRAINING] LR: 0.018432 | w_params: 0.9200
10/05 03:17:50 PM |  * Validation (Epoch 119): Acc@1 67.420 Acc@5 90.250
10/05 03:17:51 PM | [Epoch 121/200] [JOINT TRAINING] LR: 0.018045 | w_params: 0.9333
10/05 03:18:35 PM |  * Validation (Epoch 120): Acc@1 69.230 Acc@5 90.660
10/05 03:18:36 PM | [Epoch 122/200] [JOINT TRAINING] LR: 0.017659 | w_params: 0.9467
10/05 03:19:12 PM |  * Validation (Epoch 121): Acc@1 68.300 Acc@5 90.400
10/05 03:19:13 PM | [Epoch 123/200] [JOINT TRAINING] LR: 0.017275 | w_params: 0.9600
10/05 03:19:56 PM |  * Validation (Epoch 122): Acc@1 69.150 Acc@5 91.080
10/05 03:19:57 PM | [Epoch 124/200] [JOINT TRAINING] LR: 0.016893 | w_params: 0.9733
10/05 03:20:47 PM |  * Validation (Epoch 123): Acc@1 69.660 Acc@5 90.930
10/05 03:20:48 PM | [Epoch 125/200] [JOINT TRAINING] LR: 0.016513 | w_params: 0.9867
10/05 03:21:29 PM |  * Validation (Epoch 124): Acc@1 69.320 Acc@5 90.710
10/05 03:21:30 PM | [Epoch 126/200] [JOINT TRAINING] LR: 0.016135 | w_params: 1.0000
10/05 03:22:22 PM |  * Validation (Epoch 125): Acc@1 69.910 Acc@5 90.990
10/05 03:22:22 PM | ==> New best accuracy: 69.91% at epoch 126
10/05 03:22:24 PM | [Epoch 127/200] [JOINT TRAINING] LR: 0.015759 | w_params: 1.0000
10/05 03:23:16 PM |  * Validation (Epoch 126): Acc@1 68.550 Acc@5 90.270
10/05 03:23:17 PM | [Epoch 128/200] [JOINT TRAINING] LR: 0.015386 | w_params: 1.0000
10/05 03:24:08 PM |  * Validation (Epoch 127): Acc@1 70.330 Acc@5 91.270
10/05 03:24:08 PM | ==> New best accuracy: 70.33% at epoch 128
10/05 03:24:10 PM | [Epoch 129/200] [JOINT TRAINING] LR: 0.015016 | w_params: 1.0000
10/05 03:24:58 PM |  * Validation (Epoch 128): Acc@1 70.220 Acc@5 91.310
10/05 03:24:59 PM | [Epoch 130/200] [JOINT TRAINING] LR: 0.014648 | w_params: 1.0000
10/05 03:25:43 PM |  * Validation (Epoch 129): Acc@1 70.130 Acc@5 91.180
10/05 03:25:44 PM | [Epoch 131/200] [JOINT TRAINING] LR: 0.014283 | w_params: 1.0000
10/05 03:26:24 PM |  * Validation (Epoch 130): Acc@1 70.530 Acc@5 90.990
10/05 03:26:24 PM | ==> New best accuracy: 70.53% at epoch 131
10/05 03:26:26 PM | [Epoch 132/200] [JOINT TRAINING] LR: 0.013920 | w_params: 1.0000
10/05 03:27:03 PM |  * Validation (Epoch 131): Acc@1 69.210 Acc@5 90.720
10/05 03:27:04 PM | [Epoch 133/200] [JOINT TRAINING] LR: 0.013561 | w_params: 1.0000
10/05 03:27:49 PM |  * Validation (Epoch 132): Acc@1 70.120 Acc@5 91.170
10/05 03:27:50 PM | [Epoch 134/200] [JOINT TRAINING] LR: 0.013204 | w_params: 1.0000
10/05 03:28:39 PM |  * Validation (Epoch 133): Acc@1 70.560 Acc@5 91.270
10/05 03:28:39 PM | ==> New best accuracy: 70.56% at epoch 134
10/05 03:28:41 PM | [Epoch 135/200] [JOINT TRAINING] LR: 0.012850 | w_params: 1.0000
10/05 03:29:34 PM |  * Validation (Epoch 134): Acc@1 70.750 Acc@5 91.640
10/05 03:29:34 PM | ==> New best accuracy: 70.75% at epoch 135
10/05 03:29:36 PM | [Epoch 136/200] [JOINT TRAINING] LR: 0.012500 | w_params: 1.0000
10/05 03:29:36 PM | [Visualizer] Generating uncertainty-budget heatmap for epoch 135, batch 0...
10/05 03:29:37 PM | [Visualizer] Saved uncertainty-budget heatmap to run_cifar100/uncertainty_budget_heatmaps/uncertainty_budget_epoch_135_batch_000.png
10/05 03:29:37 PM | [Visualizer] Generating uncertainty-budget heatmap for epoch 135, batch 1...
10/05 03:29:37 PM | [Visualizer] Saved uncertainty-budget heatmap to run_cifar100/uncertainty_budget_heatmaps/uncertainty_budget_epoch_135_batch_001.png
10/05 03:30:29 PM | [Visualizer] Generating static gate heatmap for epoch 135...
10/05 03:30:29 PM | [Visualizer][layer1] unique(rounded) values: [0.   0.01 0.02 0.03 0.04 0.05 0.06 0.07 0.08 0.09] ... total=87
10/05 03:30:29 PM | [Visualizer][layer2] unique(rounded) values: [0.   0.01 0.02 0.03 0.04 0.05 0.06 0.07 0.08 0.09] ... total=93
10/05 03:30:29 PM | [Visualizer][layer3] unique(rounded) values: [0.03 0.04 0.05 0.06 0.07 0.08 0.09 0.1  0.11 0.12] ... total=98
10/05 03:30:29 PM | [Visualizer][layer4] unique(rounded) values: [0.03 0.04 0.05 0.06 0.07 0.08 0.11 0.13 0.14 0.22] ... total=58
10/05 03:30:30 PM | [Visualizer] Saved static gate heatmap to run_cifar100/static_gate_heatmaps/gate_heatmap_epoch_135.png
10/05 03:30:31 PM |  * Validation (Epoch 135): Acc@1 70.080 Acc@5 91.120
10/05 03:30:33 PM | [Epoch 137/200] [JOINT TRAINING] LR: 0.012153 | w_params: 1.0000
10/05 03:31:18 PM |  * Validation (Epoch 136): Acc@1 70.390 Acc@5 91.150
10/05 03:31:19 PM | [Epoch 138/200] [JOINT TRAINING] LR: 0.011809 | w_params: 1.0000
10/05 03:32:07 PM |  * Validation (Epoch 137): Acc@1 71.430 Acc@5 91.660
10/05 03:32:07 PM | ==> New best accuracy: 71.43% at epoch 138
10/05 03:32:08 PM | [Epoch 139/200] [JOINT TRAINING] LR: 0.011469 | w_params: 1.0000
10/05 03:33:00 PM |  * Validation (Epoch 138): Acc@1 70.160 Acc@5 91.150
10/05 03:33:01 PM | [Epoch 140/200] [JOINT TRAINING] LR: 0.011132 | w_params: 1.0000
10/05 03:33:41 PM |  * Validation (Epoch 139): Acc@1 71.470 Acc@5 91.310
10/05 03:33:41 PM | ==> New best accuracy: 71.47% at epoch 140
10/05 03:33:43 PM | [Epoch 141/200] [JOINT TRAINING] LR: 0.010798 | w_params: 1.0000
10/05 03:34:26 PM |  * Validation (Epoch 140): Acc@1 71.930 Acc@5 91.470
10/05 03:34:26 PM | ==> New best accuracy: 71.93% at epoch 141
10/05 03:34:27 PM | [Epoch 142/200] [JOINT TRAINING] LR: 0.010469 | w_params: 1.0000
10/05 03:35:13 PM |  * Validation (Epoch 141): Acc@1 71.080 Acc@5 91.490
10/05 03:35:14 PM | [Epoch 143/200] [JOINT TRAINING] LR: 0.010143 | w_params: 1.0000
10/05 03:36:04 PM |  * Validation (Epoch 142): Acc@1 71.660 Acc@5 91.380
10/05 03:36:05 PM | [Epoch 144/200] [JOINT TRAINING] LR: 0.009821 | w_params: 1.0000
10/05 03:36:59 PM |  * Validation (Epoch 143): Acc@1 72.000 Acc@5 91.880
10/05 03:36:59 PM | ==> New best accuracy: 72.00% at epoch 144
10/05 03:37:01 PM | [Epoch 145/200] [JOINT TRAINING] LR: 0.009503 | w_params: 1.0000
10/05 03:37:50 PM |  * Validation (Epoch 144): Acc@1 72.110 Acc@5 91.940
10/05 03:37:50 PM | ==> New best accuracy: 72.11% at epoch 145
10/05 03:37:52 PM | [Epoch 146/200] [JOINT TRAINING] LR: 0.009189 | w_params: 1.0000
10/05 03:38:41 PM |  * Validation (Epoch 145): Acc@1 71.490 Acc@5 91.850
10/05 03:38:42 PM | [Epoch 147/200] [JOINT TRAINING] LR: 0.008879 | w_params: 1.0000
10/05 03:39:34 PM |  * Validation (Epoch 146): Acc@1 71.980 Acc@5 91.690
10/05 03:39:35 PM | [Epoch 148/200] [JOINT TRAINING] LR: 0.008573 | w_params: 1.0000
10/05 03:40:11 PM |  * Validation (Epoch 147): Acc@1 72.310 Acc@5 91.620
10/05 03:40:11 PM | ==> New best accuracy: 72.31% at epoch 148
10/05 03:40:13 PM | [Epoch 149/200] [JOINT TRAINING] LR: 0.008272 | w_params: 1.0000
10/05 03:40:50 PM |  * Validation (Epoch 148): Acc@1 72.720 Acc@5 91.830
10/05 03:40:50 PM | ==> New best accuracy: 72.72% at epoch 149
10/05 03:40:52 PM | [Epoch 150/200] [JOINT TRAINING] LR: 0.007975 | w_params: 1.0000
10/05 03:41:32 PM |  * Validation (Epoch 149): Acc@1 72.830 Acc@5 91.960
10/05 03:41:32 PM | ==> New best accuracy: 72.83% at epoch 150
10/05 03:41:33 PM | [Epoch 151/200] [JOINT TRAINING] LR: 0.007682 | w_params: 1.0000
10/05 03:41:34 PM | [Visualizer] Generating uncertainty-budget heatmap for epoch 150, batch 0...
10/05 03:41:34 PM | [Visualizer] Saved uncertainty-budget heatmap to run_cifar100/uncertainty_budget_heatmaps/uncertainty_budget_epoch_150_batch_000.png
10/05 03:41:34 PM | [Visualizer] Generating uncertainty-budget heatmap for epoch 150, batch 1...
10/05 03:41:35 PM | [Visualizer] Saved uncertainty-budget heatmap to run_cifar100/uncertainty_budget_heatmaps/uncertainty_budget_epoch_150_batch_001.png
10/05 03:42:22 PM |  * Validation (Epoch 150): Acc@1 72.750 Acc@5 92.120
10/05 03:42:23 PM | [Epoch 152/200] [JOINT TRAINING] LR: 0.007394 | w_params: 1.0000
10/05 03:42:59 PM |  * Validation (Epoch 151): Acc@1 73.140 Acc@5 92.230
10/05 03:42:59 PM | ==> New best accuracy: 73.14% at epoch 152
10/05 03:43:01 PM | [Epoch 153/200] [JOINT TRAINING] LR: 0.007110 | w_params: 1.0000
10/05 03:43:45 PM |  * Validation (Epoch 152): Acc@1 72.600 Acc@5 92.340
10/05 03:43:46 PM | [Epoch 154/200] [JOINT TRAINING] LR: 0.006831 | w_params: 1.0000
10/05 03:44:25 PM |  * Validation (Epoch 153): Acc@1 73.630 Acc@5 92.310
10/05 03:44:25 PM | ==> New best accuracy: 73.63% at epoch 154
10/05 03:44:26 PM | [Epoch 155/200] [JOINT TRAINING] LR: 0.006557 | w_params: 1.0000
10/05 03:45:11 PM |  * Validation (Epoch 154): Acc@1 72.820 Acc@5 91.940
10/05 03:45:12 PM | [Epoch 156/200] [JOINT TRAINING] LR: 0.006287 | w_params: 1.0000
10/05 03:45:47 PM |  * Validation (Epoch 155): Acc@1 73.260 Acc@5 92.420
10/05 03:45:48 PM | [Epoch 157/200] [JOINT TRAINING] LR: 0.006023 | w_params: 1.0000
10/05 03:46:36 PM |  * Validation (Epoch 156): Acc@1 72.860 Acc@5 92.000
10/05 03:46:37 PM | [Epoch 158/200] [JOINT TRAINING] LR: 0.005763 | w_params: 1.0000
10/05 03:47:21 PM |  * Validation (Epoch 157): Acc@1 73.510 Acc@5 92.000
10/05 03:47:22 PM | [Epoch 159/200] [JOINT TRAINING] LR: 0.005508 | w_params: 1.0000
10/05 03:48:09 PM |  * Validation (Epoch 158): Acc@1 73.330 Acc@5 91.960
10/05 03:48:10 PM | [Epoch 160/200] [JOINT TRAINING] LR: 0.005258 | w_params: 1.0000
10/05 03:48:53 PM |  * Validation (Epoch 159): Acc@1 73.570 Acc@5 92.170
10/05 03:48:54 PM | [Epoch 161/200] [JOINT TRAINING] LR: 0.005014 | w_params: 1.0000
10/05 03:49:46 PM |  * Validation (Epoch 160): Acc@1 73.890 Acc@5 92.510
10/05 03:49:46 PM | ==> New best accuracy: 73.89% at epoch 161
10/05 03:49:48 PM | [Epoch 162/200] [JOINT TRAINING] LR: 0.004775 | w_params: 1.0000
10/05 03:50:31 PM |  * Validation (Epoch 161): Acc@1 74.000 Acc@5 92.310
10/05 03:50:31 PM | ==> New best accuracy: 74.00% at epoch 162
10/05 03:50:33 PM | [Epoch 163/200] [JOINT TRAINING] LR: 0.004540 | w_params: 1.0000
10/05 03:51:15 PM |  * Validation (Epoch 162): Acc@1 73.950 Acc@5 92.190
10/05 03:51:16 PM | [Epoch 164/200] [JOINT TRAINING] LR: 0.004312 | w_params: 1.0000
10/05 03:52:05 PM |  * Validation (Epoch 163): Acc@1 74.460 Acc@5 92.260
10/05 03:52:05 PM | ==> New best accuracy: 74.46% at epoch 164
10/05 03:52:07 PM | [Epoch 165/200] [JOINT TRAINING] LR: 0.004088 | w_params: 1.0000
10/05 03:52:54 PM |  * Validation (Epoch 164): Acc@1 74.290 Acc@5 92.220
10/05 03:52:55 PM | [Epoch 166/200] [JOINT TRAINING] LR: 0.003870 | w_params: 1.0000
10/05 03:53:40 PM | [Visualizer] Generating static gate heatmap for epoch 165...
10/05 03:53:40 PM | [Visualizer][layer1] unique(rounded) values: [0.   0.01 0.02 0.03 0.04 0.05 0.06 0.07 0.1  0.14] ... total=80
10/05 03:53:40 PM | [Visualizer][layer2] unique(rounded) values: [0.   0.01 0.02 0.03 0.04 0.05 0.06 0.07 0.08 0.09] ... total=91
10/05 03:53:40 PM | [Visualizer][layer3] unique(rounded) values: [0.02 0.03 0.04 0.05 0.06 0.07 0.08 0.09 0.1  0.11] ... total=99
10/05 03:53:40 PM | [Visualizer][layer4] unique(rounded) values: [0.03 0.04 0.05 0.06 0.07 0.1  0.12 0.18 0.21 0.24] ... total=54
10/05 03:53:41 PM | [Visualizer] Saved static gate heatmap to run_cifar100/static_gate_heatmaps/gate_heatmap_epoch_165.png
10/05 03:53:43 PM |  * Validation (Epoch 165): Acc@1 74.070 Acc@5 92.490
10/05 03:53:44 PM | [Epoch 167/200] [JOINT TRAINING] LR: 0.003658 | w_params: 1.0000
10/05 03:54:34 PM |  * Validation (Epoch 166): Acc@1 75.070 Acc@5 92.490
10/05 03:54:34 PM | ==> New best accuracy: 75.07% at epoch 167
10/05 03:54:36 PM | [Epoch 168/200] [JOINT TRAINING] LR: 0.003451 | w_params: 1.0000
10/05 03:55:22 PM |  * Validation (Epoch 167): Acc@1 74.440 Acc@5 92.520
10/05 03:55:23 PM | [Epoch 169/200] [JOINT TRAINING] LR: 0.003249 | w_params: 1.0000
10/05 03:56:13 PM |  * Validation (Epoch 168): Acc@1 74.680 Acc@5 92.590
10/05 03:56:14 PM | [Epoch 170/200] [JOINT TRAINING] LR: 0.003054 | w_params: 1.0000
10/05 03:57:04 PM |  * Validation (Epoch 169): Acc@1 74.780 Acc@5 92.830
10/05 03:57:05 PM | [Epoch 171/200] [JOINT TRAINING] LR: 0.002864 | w_params: 1.0000
10/05 03:57:52 PM |  * Validation (Epoch 170): Acc@1 75.190 Acc@5 92.330
10/05 03:57:52 PM | ==> New best accuracy: 75.19% at epoch 171
10/05 03:57:54 PM | [Epoch 172/200] [JOINT TRAINING] LR: 0.002679 | w_params: 1.0000
10/05 03:58:46 PM |  * Validation (Epoch 171): Acc@1 74.720 Acc@5 92.590
10/05 03:58:47 PM | [Epoch 173/200] [JOINT TRAINING] LR: 0.002501 | w_params: 1.0000
10/05 03:59:36 PM |  * Validation (Epoch 172): Acc@1 74.660 Acc@5 92.430
10/05 03:59:37 PM | [Epoch 174/200] [JOINT TRAINING] LR: 0.002328 | w_params: 1.0000
10/05 04:00:27 PM |  * Validation (Epoch 173): Acc@1 75.250 Acc@5 92.970
10/05 04:00:27 PM | ==> New best accuracy: 75.25% at epoch 174
10/05 04:00:29 PM | [Epoch 175/200] [JOINT TRAINING] LR: 0.002161 | w_params: 1.0000
10/05 04:01:16 PM |  * Validation (Epoch 174): Acc@1 74.920 Acc@5 92.430
10/05 04:01:17 PM | [Epoch 176/200] [JOINT TRAINING] LR: 0.002001 | w_params: 1.0000
10/05 04:01:17 PM | [Visualizer] Generating uncertainty-budget heatmap for epoch 175, batch 0...
10/05 04:01:18 PM | [Visualizer] Saved uncertainty-budget heatmap to run_cifar100/uncertainty_budget_heatmaps/uncertainty_budget_epoch_175_batch_000.png
10/05 04:01:18 PM | [Visualizer] Generating uncertainty-budget heatmap for epoch 175, batch 1...
10/05 04:01:19 PM | [Visualizer] Saved uncertainty-budget heatmap to run_cifar100/uncertainty_budget_heatmaps/uncertainty_budget_epoch_175_batch_001.png
10/05 04:02:08 PM |  * Validation (Epoch 175): Acc@1 75.220 Acc@5 92.820
10/05 04:02:09 PM | [Epoch 177/200] [JOINT TRAINING] LR: 0.001846 | w_params: 1.0000
10/05 04:02:53 PM |  * Validation (Epoch 176): Acc@1 75.790 Acc@5 93.000
10/05 04:02:53 PM | ==> New best accuracy: 75.79% at epoch 177
10/05 04:02:55 PM | [Epoch 178/200] [JOINT TRAINING] LR: 0.001697 | w_params: 1.0000
10/05 04:03:40 PM |  * Validation (Epoch 177): Acc@1 75.430 Acc@5 92.780
10/05 04:03:41 PM | [Epoch 179/200] [JOINT TRAINING] LR: 0.001554 | w_params: 1.0000
10/05 04:04:35 PM |  * Validation (Epoch 178): Acc@1 75.490 Acc@5 92.850
10/05 04:04:36 PM | [Epoch 180/200] [JOINT TRAINING] LR: 0.001417 | w_params: 1.0000
10/05 04:05:28 PM |  * Validation (Epoch 179): Acc@1 75.520 Acc@5 93.010
10/05 04:05:29 PM | [Epoch 181/200] [JOINT TRAINING] LR: 0.001287 | w_params: 1.0000
10/05 04:06:19 PM |  * Validation (Epoch 180): Acc@1 75.370 Acc@5 92.780
10/05 04:06:20 PM | [Epoch 182/200] [JOINT TRAINING] LR: 0.001162 | w_params: 1.0000
10/05 04:07:05 PM |  * Validation (Epoch 181): Acc@1 75.500 Acc@5 92.770
10/05 04:07:06 PM | [Epoch 183/200] [JOINT TRAINING] LR: 0.001044 | w_params: 1.0000
10/05 04:07:53 PM |  * Validation (Epoch 182): Acc@1 76.020 Acc@5 92.830
10/05 04:07:53 PM | ==> New best accuracy: 76.02% at epoch 183
10/05 04:07:55 PM | [Epoch 184/200] [JOINT TRAINING] LR: 0.000932 | w_params: 1.0000
10/05 04:08:43 PM |  * Validation (Epoch 183): Acc@1 75.750 Acc@5 93.050
10/05 04:08:44 PM | [Epoch 185/200] [JOINT TRAINING] LR: 0.000826 | w_params: 1.0000
10/05 04:09:35 PM |  * Validation (Epoch 184): Acc@1 75.920 Acc@5 93.060
10/05 04:09:36 PM | [Epoch 186/200] [JOINT TRAINING] LR: 0.000726 | w_params: 1.0000
10/05 04:10:19 PM |  * Validation (Epoch 185): Acc@1 75.420 Acc@5 92.780
10/05 04:10:20 PM | [Epoch 187/200] [JOINT TRAINING] LR: 0.000633 | w_params: 1.0000
10/05 04:10:54 PM |  * Validation (Epoch 186): Acc@1 75.520 Acc@5 92.420
10/05 04:10:55 PM | [Epoch 188/200] [JOINT TRAINING] LR: 0.000546 | w_params: 1.0000
10/05 04:11:24 PM |  * Validation (Epoch 187): Acc@1 75.480 Acc@5 92.610
10/05 04:11:25 PM | [Epoch 189/200] [JOINT TRAINING] LR: 0.000466 | w_params: 1.0000
10/05 04:12:06 PM |  * Validation (Epoch 188): Acc@1 75.460 Acc@5 92.480
10/05 04:12:07 PM | [Epoch 190/200] [JOINT TRAINING] LR: 0.000392 | w_params: 1.0000
10/05 04:12:52 PM |  * Validation (Epoch 189): Acc@1 75.320 Acc@5 92.640
10/05 04:12:53 PM | [Epoch 191/200] [JOINT TRAINING] LR: 0.000324 | w_params: 1.0000
10/05 04:13:37 PM |  * Validation (Epoch 190): Acc@1 75.370 Acc@5 92.620
10/05 04:13:38 PM | [Epoch 192/200] [JOINT TRAINING] LR: 0.000262 | w_params: 1.0000
10/05 04:14:31 PM |  * Validation (Epoch 191): Acc@1 75.630 Acc@5 92.720
10/05 04:14:32 PM | [Epoch 193/200] [JOINT TRAINING] LR: 0.000207 | w_params: 1.0000
10/05 04:15:14 PM |  * Validation (Epoch 192): Acc@1 75.420 Acc@5 92.620
10/05 04:15:15 PM | [Epoch 194/200] [JOINT TRAINING] LR: 0.000159 | w_params: 1.0000
10/05 04:15:59 PM |  * Validation (Epoch 193): Acc@1 75.370 Acc@5 92.750
10/05 04:16:00 PM | [Epoch 195/200] [JOINT TRAINING] LR: 0.000117 | w_params: 1.0000
10/05 04:16:46 PM |  * Validation (Epoch 194): Acc@1 75.480 Acc@5 92.770
10/05 04:16:47 PM | [Epoch 196/200] [JOINT TRAINING] LR: 0.000081 | w_params: 1.0000
10/05 04:16:48 PM | [Visualizer] Generating uncertainty-budget heatmap for epoch 195, batch 0...
10/05 04:16:48 PM | [Visualizer] Saved uncertainty-budget heatmap to run_cifar100/uncertainty_budget_heatmaps/uncertainty_budget_epoch_195_batch_000.png
10/05 04:16:48 PM | [Visualizer] Generating uncertainty-budget heatmap for epoch 195, batch 1...
10/05 04:16:49 PM | [Visualizer] Saved uncertainty-budget heatmap to run_cifar100/uncertainty_budget_heatmaps/uncertainty_budget_epoch_195_batch_001.png
10/05 04:17:28 PM | [Visualizer] Generating static gate heatmap for epoch 195...
10/05 04:17:28 PM | [Visualizer][layer1] unique(rounded) values: [0.   0.01 0.02 0.03 0.05 0.06 0.07 0.08 0.09 0.1 ] ... total=77
10/05 04:17:28 PM | [Visualizer][layer2] unique(rounded) values: [0.   0.01 0.02 0.03 0.04 0.05 0.06 0.07 0.08 0.09] ... total=86
10/05 04:17:28 PM | [Visualizer][layer3] unique(rounded) values: [0.01 0.02 0.03 0.04 0.05 0.06 0.07 0.08 0.09 0.1 ] ... total=100
10/05 04:17:28 PM | [Visualizer][layer4] unique(rounded) values: [0.03 0.04 0.05 0.06 0.07 0.09 0.11 0.16 0.19 0.22] ... total=63
10/05 04:17:29 PM | [Visualizer] Saved static gate heatmap to run_cifar100/static_gate_heatmaps/gate_heatmap_epoch_195.png
10/05 04:17:31 PM |  * Validation (Epoch 195): Acc@1 75.150 Acc@5 92.780
10/05 04:17:32 PM | [Epoch 197/200] [JOINT TRAINING] LR: 0.000052 | w_params: 1.0000
10/05 04:18:19 PM |  * Validation (Epoch 196): Acc@1 74.750 Acc@5 92.450
10/05 04:18:20 PM | [Epoch 198/200] [JOINT TRAINING] LR: 0.000029 | w_params: 1.0000
10/05 04:19:03 PM |  * Validation (Epoch 197): Acc@1 74.280 Acc@5 92.020
10/05 04:19:04 PM | [Epoch 199/200] [JOINT TRAINING] LR: 0.000013 | w_params: 1.0000
10/05 04:19:56 PM |  * Validation (Epoch 198): Acc@1 74.040 Acc@5 92.360
10/05 04:19:57 PM | [Epoch 200/200] [JOINT TRAINING] LR: 0.000003 | w_params: 1.0000
10/05 04:20:45 PM |  * Validation (Epoch 199): Acc@1 74.030 Acc@5 91.990
10/05 04:20:46 PM | End-to-end training completed. Best validation accuracy: 76.020%
10/05 04:20:46 PM | 
############################################################
10/05 04:20:46 PM | #####      ANALYZING FINAL PRUNED MODEL STATS (UNIFIED)      #####
10/05 04:20:46 PM | ############################################################

10/05 04:20:46 PM | --- [Step 1] Baseline Full Model Stats ---
10/05 04:20:46 PM |   - Original Model Parameters: 23.912 M
10/05 04:20:46 PM |   - Original Model Max FLOPs:  1193.097 M
10/05 04:20:46 PM | 
--- [Step 2] Final Static Structure Stats ---
10/05 04:20:46 PM |   - Statically Pruned Model Parameters: 16.471 M
10/05 04:20:46 PM | 
--- [Step 3] Calculating Average Dynamic FLOPs... ---
10/05 04:20:46 PM | --- [Unified FLOPs Calculator] Starting final analysis over validation set...
10/05 04:20:48 PM | --- [Unified FLOPs Calculator] Analysis complete.
10/05 04:20:48 PM |     - Average Total FLOPs: 601.358 M
10/05 04:20:48 PM | 
--- [Step 4] Pruning Analysis Summary ---
10/05 04:20:48 PM |   - Parameters: 23.912 M -> 16.471 M (Reduced by 31.12%)
10/05 04:20:48 PM |   - FLOPs:      1.193 G -> 0.601 G (Avg, Reduced by 49.60%)
10/05 04:20:48 PM | 
--- [Step 5] Final Performance Validation ---
10/05 04:20:50 PM |  * Final Performance Validation: Acc@1 74.030 Acc@5 91.990
10/05 04:20:50 PM | 
############################################################
10/05 04:20:50 PM | #####      ANALYSIS COMPLETE      #####
10/05 04:20:50 PM | ############################################################

10/05 04:20:50 PM | End-to-end pruning process finished successfully.
