10/05 08:32:43 PM | Args: Namespace(lr=0.05, epochs=5, batch_size=128, save_dir='run_cifar10_deit', dataset_path='/home/dancer/wxr_code/e2e_prune/data', gpu_id='4', alpha_final=0.2, w_params_final=1.0, w_params_anneal_epochs=2, target_static_params_ratio=0.7, warmup_epochs=2, annealing_epochs_pct=0.7, dynamic_rate_start=0.7, dynamic_rate_end=0.7, gate_threshold=0.1, backbone='deit_tiny', bottleneck_strategy='A', dataset='cifar10', img_size=None, num_workers=4, imagenet_train_dir='/home/dancer/PublicData/ImageNet/train', imagenet_val_dir='/home/dancer/PublicData/ImageNet/val', target_flops_ratio=0.99)
10/05 08:32:44 PM | ==> Building full-size deit_tiny for training and target calculation...
10/05 08:32:45 PM | ==> FLOPs Sanity Check:
10/05 08:32:45 PM |   - Total FLOPs by Global Profile (Authoritative): 107.815 M
10/05 08:32:45 PM |   - Total FLOPs by Sum of Parts:                 107.815 M
10/05 08:32:45 PM |   - Discrepancy: 0.00%
10/05 08:32:45 PM | ==> [DEBUG] FLOPs Breakdown Details:
10/05 08:32:45 PM |   - [CoreOnly e2e]    107.133 M
10/05 08:32:45 PM |   - [Global-Overhead] 107.133 M
10/05 08:32:45 PM |   - [CoreOnly - SumScalable] 0.000 M
10/05 08:32:45 PM |   - conv1+bn1 FLOPs: 98.283 M
10/05 08:32:45 PM |   - layer1 FLOPs:     2.212 M
10/05 08:32:45 PM |   - layer2 FLOPs:     2.212 M
10/05 08:32:45 PM |   - layer3 FLOPs:     2.212 M
10/05 08:32:45 PM |   - layer4 FLOPs:     2.212 M
10/05 08:32:45 PM |   - fc FLOPs:         0.002 M
10/05 08:32:45 PM |   - Scalable total:   107.133 M
10/05 08:32:45 PM |   - Overhead:gating   0.225 M
10/05 08:32:45 PM |   - Overhead:static   0.000 M
10/05 08:32:45 PM |   - Overhead:aux      0.006 M
10/05 08:32:45 PM |   - Overhead:budget   0.003 M
10/05 08:32:45 PM |   - Overhead:misc     0.449 M
10/05 08:32:45 PM |   - Overhead total:   0.683 M
10/05 08:32:45 PM |   - Sum (Scalable+Overhead): 107.815 M
10/05 08:32:45 PM | ==> Final FLOPs Targets:
10/05 08:32:45 PM |   - Max Theoretical FLOPs: 107.82 M
10/05 08:32:45 PM |   - Target Total FLOPs (99.0%): 106.74 M
10/05 08:32:45 PM |   - Target Scalable FLOPs for Training: 7.77 M
10/05 08:32:45 PM | Full model total parameters: 11.175 M
10/05 08:32:45 PM | Target total parameters (70.0%): 7.822 M
10/05 08:32:45 PM | ==> Main model for training is ready.
10/05 08:32:45 PM | ==> Building main model for training...
10/05 08:32:45 PM | ==> Separating parameters into four groups for optimization...
10/05 08:32:45 PM |  - Main backbone params: 200 tensors.
10/05 08:32:45 PM |  - Gating (logit & static) params: 60 tensors.
10/05 08:32:45 PM |  - Auxiliary head params: 6 tensors.
10/05 08:32:45 PM |  - Budget generator params: 18 tensors.
10/05 08:32:45 PM | ==> Four optimizers created successfully.
10/05 08:32:45 PM | ==> LR scheduler set: 5-epoch linear warmup + Cosine Annealing.
10/05 08:32:45 PM | 
############################################################
10/05 08:32:45 PM | #####      STARTING UNIFIED ADAPTIVE TRAINING      #####
10/05 08:32:45 PM | Total Epochs: 5, Warmup Epochs: 2
10/05 08:32:45 PM | Loss Weights: w_aux=0.1, w_flops=2.0, w_params_final=1.0
10/05 08:32:45 PM | Target Total FLOPs: 106.74 MFLOPs
10/05 08:32:45 PM | Target Total FLOPs (Train): 7.77 MFLOPs
10/05 08:32:45 PM | ############################################################

10/05 08:32:45 PM | [Epoch 1/5] [WARMUP] LR: 0.004000 | w_params: 0.0000
10/05 08:33:17 PM |  * Validation (Epoch 0): Acc@1 33.840 Acc@5 85.320
10/05 08:33:17 PM | ==> New best accuracy: 33.84% at epoch 1
10/05 08:33:17 PM | [Epoch 2/5] [WARMUP] LR: 0.013200 | w_params: 0.0000
10/05 08:33:46 PM |  * Validation (Epoch 1): Acc@1 35.020 Acc@5 86.620
10/05 08:33:46 PM | ==> New best accuracy: 35.02% at epoch 2
10/05 08:33:46 PM | [Epoch 3/5] [JOINT TRAINING] LR: 0.022400 | w_params: 0.0000
10/05 08:34:17 PM |  * Validation (Epoch 2): Acc@1 10.000 Acc@5 50.000
10/05 08:34:17 PM | [Epoch 4/5] [JOINT TRAINING] LR: 0.031600 | w_params: 0.5000
10/05 08:34:57 PM |  * Validation (Epoch 3): Acc@1 36.060 Acc@5 87.140
10/05 08:34:57 PM | ==> New best accuracy: 36.06% at epoch 4
10/05 08:34:58 PM | [Epoch 5/5] [JOINT TRAINING] LR: 0.040800 | w_params: 1.0000
10/05 08:35:39 PM |  * Validation (Epoch 4): Acc@1 35.320 Acc@5 86.860
10/05 08:35:40 PM | End-to-end training completed. Best validation accuracy: 36.060%
10/05 08:35:40 PM | 
############################################################
10/05 08:35:40 PM | #####      ANALYZING FINAL PRUNED MODEL STATS (UNIFIED)      #####
10/05 08:35:40 PM | ############################################################

10/05 08:35:40 PM | --- [Step 1] Baseline Full Model Stats ---
10/05 08:35:40 PM |   - Original Model Parameters: 11.175 M
10/05 08:35:40 PM |   - Original Model Max FLOPs:  107.815 M
10/05 08:35:40 PM | 
--- [Step 2] Final Static Structure Stats ---
10/05 08:35:40 PM |   - Statically Pruned Model Parameters: 5.736 M
10/05 08:35:40 PM | 
--- [Step 3] Calculating Average Dynamic FLOPs... ---
10/05 08:35:40 PM | --- [Unified FLOPs Calculator] Starting final analysis over validation set...
10/05 08:35:41 PM | --- [Unified FLOPs Calculator] Analysis complete.
10/05 08:35:41 PM |     - Average Total FLOPs: 107.373 M
10/05 08:35:41 PM | 
--- [Step 4] Pruning Analysis Summary ---
10/05 08:35:41 PM |   - Parameters: 11.175 M -> 5.736 M (Reduced by 48.67%)
10/05 08:35:41 PM |   - FLOPs:      0.108 G -> 0.107 G (Avg, Reduced by 0.41%)
10/05 08:35:41 PM | 
--- [Step 5] Final Performance Validation ---
10/05 08:35:42 PM |  * Final Performance Validation: Acc@1 35.320 Acc@5 86.860
10/05 08:35:42 PM | 
############################################################
10/05 08:35:42 PM | #####      ANALYSIS COMPLETE      #####
10/05 08:35:42 PM | ############################################################

10/05 08:35:42 PM | End-to-end pruning process finished successfully.
