10/06 09:49:17 AM | Args: Namespace(lr=0.05, epochs=5, batch_size=128, save_dir='run_cifar10_deit', dataset_path='/home/dancer/wxr_code/e2e_prune/data', gpu_id='4', alpha_final=0.2, w_params_final=1.0, w_params_anneal_epochs=2, target_static_params_ratio=0.7, warmup_epochs=2, annealing_epochs_pct=0.7, dynamic_rate_start=0.7, dynamic_rate_end=0.7, gate_threshold=0.1, backbone='deit_tiny', bottleneck_strategy='A', dataset='cifar10', img_size=None, num_workers=4, imagenet_train_dir='/home/dancer/PublicData/ImageNet/train', imagenet_val_dir='/home/dancer/PublicData/ImageNet/val', target_flops_ratio=0.99)
10/06 09:49:19 AM | ==> Building full-size deit_tiny for training and target calculation...
10/06 09:49:20 AM | ==> FLOPs Sanity Check:
10/06 09:49:20 AM |   - Total FLOPs by Global Profile (Authoritative): 112.464 M
10/06 09:49:20 AM |   - Total FLOPs by Sum of Parts:                 112.464 M
10/06 09:49:20 AM |   - Discrepancy: 0.00%
10/06 09:49:20 AM | ==> [DEBUG] FLOPs Breakdown Details:
10/06 09:49:20 AM |   - [CoreOnly e2e]    107.133 M
10/06 09:49:20 AM |   - [Global-Overhead] 107.133 M
10/06 09:49:20 AM |   - [CoreOnly - SumScalable] 0.000 M
10/06 09:49:20 AM |   - layer1 [MLP] FLOPs: 4.424 M
10/06 09:49:20 AM |   - layer2 [MLP] FLOPs: 4.424 M
10/06 09:49:20 AM |   - layer3 [MLP] FLOPs: 4.424 M
10/06 09:49:20 AM |   - layer4 [MLP] FLOPs: 4.424 M
10/06 09:49:20 AM |   - conv1+bn1 FLOPs: 80.589 M
10/06 09:49:20 AM |   - layer1 FLOPs:     2.212 M
10/06 09:49:20 AM |   - layer2 FLOPs:     2.212 M
10/06 09:49:20 AM |   - layer3 FLOPs:     2.212 M
10/06 09:49:20 AM |   - layer4 FLOPs:     2.212 M
10/06 09:49:20 AM |   - fc FLOPs:         0.002 M
10/06 09:49:20 AM |   - Scalable total:   107.133 M
10/06 09:49:20 AM |   - Overhead:gating   1.331 M
10/06 09:49:20 AM |   - Overhead:static   0.000 M
10/06 09:49:20 AM |   - Overhead:aux      0.006 M
10/06 09:49:20 AM |   - Overhead:budget   0.003 M
10/06 09:49:20 AM |   - Overhead:misc     3.992 M
10/06 09:49:20 AM |   - Overhead total:   5.331 M
10/06 09:49:20 AM |   - Sum (Scalable+Overhead): 112.464 M
10/06 09:49:20 AM | ==> Final FLOPs Targets:
10/06 09:49:20 AM |   - Max Theoretical FLOPs: 112.46 M
10/06 09:49:20 AM |   - Target Total FLOPs (99.0%): 111.34 M
10/06 09:49:20 AM |   - Target Scalable FLOPs for Training: 25.42 M
10/06 09:49:20 AM | Full model total parameters: 13.520 M
10/06 09:49:20 AM | Target total parameters (70.0%): 9.464 M
10/06 09:49:20 AM | ==> Main model for training is ready.
10/06 09:49:20 AM | ==> Building main model for training...
10/06 09:49:20 AM | ==> Separating parameters into four groups for optimization...
10/06 09:49:20 AM |  - Main backbone params: 200 tensors.
10/06 09:49:20 AM |  - Gating (logit & static) params: 120 tensors.
10/06 09:49:20 AM |  - Auxiliary head params: 6 tensors.
10/06 09:49:20 AM |  - Budget generator params: 18 tensors.
10/06 09:49:20 AM | ==> Four optimizers created successfully.
10/06 09:49:20 AM | ==> LR scheduler set: 5-epoch linear warmup + Cosine Annealing.
10/06 09:49:20 AM | 
############################################################
10/06 09:49:20 AM | #####      STARTING UNIFIED ADAPTIVE TRAINING      #####
10/06 09:49:20 AM | Total Epochs: 5, Warmup Epochs: 2
10/06 09:49:20 AM | Loss Weights: w_aux=0.1, w_flops=2.0, w_params_final=1.0
10/06 09:49:20 AM | Target Total FLOPs: 111.34 MFLOPs
10/06 09:49:20 AM | Target Total FLOPs (Train): 25.42 MFLOPs
10/06 09:49:20 AM | ############################################################

10/06 09:49:20 AM | [Epoch 1/5] [WARMUP] LR: 0.004000 | w_params: 0.0000
10/06 09:49:51 AM |  * Validation (Epoch 0): Acc@1 33.590 Acc@5 85.020
10/06 09:49:51 AM | ==> New best accuracy: 33.59% at epoch 1
10/06 09:49:52 AM | [Epoch 2/5] [WARMUP] LR: 0.013200 | w_params: 0.0000
10/06 09:50:16 AM |  * Validation (Epoch 1): Acc@1 34.980 Acc@5 86.080
10/06 09:50:16 AM | ==> New best accuracy: 34.98% at epoch 2
10/06 09:50:17 AM | [Epoch 3/5] [JOINT TRAINING] LR: 0.022400 | w_params: 0.0000
10/06 09:51:05 AM |  * Validation (Epoch 2): Acc@1 10.000 Acc@5 50.000
10/06 09:51:05 AM | [Epoch 4/5] [JOINT TRAINING] LR: 0.031600 | w_params: 0.5000
10/06 09:51:52 AM |  * Validation (Epoch 3): Acc@1 35.440 Acc@5 86.380
10/06 09:51:52 AM | ==> New best accuracy: 35.44% at epoch 4
10/06 09:51:52 AM | [Epoch 5/5] [JOINT TRAINING] LR: 0.040800 | w_params: 1.0000
10/06 09:52:43 AM |  * Validation (Epoch 4): Acc@1 34.100 Acc@5 85.760
10/06 09:52:43 AM | End-to-end training completed. Best validation accuracy: 35.440%
10/06 09:52:43 AM | 
############################################################
10/06 09:52:43 AM | #####      ANALYZING FINAL PRUNED MODEL STATS (UNIFIED)      #####
10/06 09:52:43 AM | ############################################################

10/06 09:52:43 AM | --- [Step 1] Baseline Full Model Stats ---
10/06 09:52:43 AM |   - Original Model Parameters: 13.520 M
10/06 09:52:43 AM |   - Original Model Max FLOPs:  112.464 M
10/06 09:52:43 AM | 
--- [Step 2] Final Static Structure Stats ---
10/06 09:52:43 AM |   - Statically Pruned Model Parameters: 6.862 M
10/06 09:52:43 AM | 
--- [Step 3] Calculating Average Dynamic FLOPs... ---
10/06 09:52:43 AM | --- [Unified FLOPs Calculator] Starting final analysis over validation set...
10/06 09:52:45 AM | --- [Unified FLOPs Calculator] Analysis complete.
10/06 09:52:45 AM |     - Average Total FLOPs: 111.137 M
10/06 09:52:45 AM | 
--- [Step 4] Pruning Analysis Summary ---
10/06 09:52:45 AM |   - Parameters: 13.520 M -> 6.862 M (Reduced by 49.25%)
10/06 09:52:45 AM |   - FLOPs:      0.112 G -> 0.111 G (Avg, Reduced by 1.18%)
10/06 09:52:45 AM | 
--- [Step 5] Final Performance Validation ---
10/06 09:52:47 AM |  * Final Performance Validation: Acc@1 34.100 Acc@5 85.760
10/06 09:52:47 AM | 
############################################################
10/06 09:52:47 AM | #####      ANALYSIS COMPLETE      #####
10/06 09:52:47 AM | ############################################################

10/06 09:52:47 AM | End-to-end pruning process finished successfully.
