10/06 12:07:23 AM | Args: Namespace(lr=0.05, epochs=5, batch_size=128, save_dir='run_cifar10_deit', dataset_path='/home/dancer/wxr_code/e2e_prune/data', gpu_id='4', alpha_final=0.2, w_params_final=1.0, w_params_anneal_epochs=2, target_static_params_ratio=0.7, warmup_epochs=2, annealing_epochs_pct=0.7, dynamic_rate_start=0.7, dynamic_rate_end=0.7, gate_threshold=0.1, backbone='deit_tiny', bottleneck_strategy='A', dataset='cifar10', img_size=None, num_workers=4, imagenet_train_dir='/home/dancer/PublicData/ImageNet/train', imagenet_val_dir='/home/dancer/PublicData/ImageNet/val', target_flops_ratio=0.99)
10/06 12:07:24 AM | ==> Building full-size deit_tiny for training and target calculation...
10/06 12:07:25 AM | ==> FLOPs Sanity Check:
10/06 12:07:25 AM |   - Total FLOPs by Global Profile (Authoritative): 112.464 M
10/06 12:07:25 AM |   - Total FLOPs by Sum of Parts:                 112.464 M
10/06 12:07:25 AM |   - Discrepancy: 0.00%
10/06 12:07:25 AM | ==> [DEBUG] FLOPs Breakdown Details:
10/06 12:07:25 AM |   - [CoreOnly e2e]    107.133 M
10/06 12:07:25 AM |   - [Global-Overhead] 107.133 M
10/06 12:07:25 AM |   - [CoreOnly - SumScalable] 0.000 M
10/06 12:07:25 AM |   - conv1+bn1 FLOPs: 98.283 M
10/06 12:07:25 AM |   - layer1 FLOPs:     2.212 M
10/06 12:07:25 AM |   - layer2 FLOPs:     2.212 M
10/06 12:07:25 AM |   - layer3 FLOPs:     2.212 M
10/06 12:07:25 AM |   - layer4 FLOPs:     2.212 M
10/06 12:07:25 AM |   - fc FLOPs:         0.002 M
10/06 12:07:25 AM |   - Scalable total:   107.133 M
10/06 12:07:25 AM |   - Overhead:gating   0.225 M
10/06 12:07:25 AM |   - Overhead:static   0.000 M
10/06 12:07:25 AM |   - Overhead:aux      0.006 M
10/06 12:07:25 AM |   - Overhead:budget   0.003 M
10/06 12:07:25 AM |   - Overhead:misc     5.098 M
10/06 12:07:25 AM |   - Overhead total:   5.331 M
10/06 12:07:25 AM |   - Sum (Scalable+Overhead): 112.464 M
10/06 12:07:25 AM | ==> Final FLOPs Targets:
10/06 12:07:25 AM |   - Max Theoretical FLOPs: 112.46 M
10/06 12:07:25 AM |   - Target Total FLOPs (99.0%): 111.34 M
10/06 12:07:25 AM |   - Target Scalable FLOPs for Training: 7.72 M
10/06 12:07:25 AM | Full model total parameters: 13.520 M
10/06 12:07:25 AM | Target total parameters (70.0%): 9.464 M
10/06 12:07:25 AM | ==> Main model for training is ready.
10/06 12:07:25 AM | ==> Building main model for training...
10/06 12:07:25 AM | ==> Separating parameters into four groups for optimization...
10/06 12:07:25 AM |  - Main backbone params: 200 tensors.
10/06 12:07:25 AM |  - Gating (logit & static) params: 120 tensors.
10/06 12:07:25 AM |  - Auxiliary head params: 6 tensors.
10/06 12:07:25 AM |  - Budget generator params: 18 tensors.
10/06 12:07:25 AM | ==> Four optimizers created successfully.
10/06 12:07:25 AM | ==> LR scheduler set: 5-epoch linear warmup + Cosine Annealing.
10/06 12:07:25 AM | 
############################################################
10/06 12:07:25 AM | #####      STARTING UNIFIED ADAPTIVE TRAINING      #####
10/06 12:07:25 AM | Total Epochs: 5, Warmup Epochs: 2
10/06 12:07:25 AM | Loss Weights: w_aux=0.1, w_flops=2.0, w_params_final=1.0
10/06 12:07:25 AM | Target Total FLOPs: 111.34 MFLOPs
10/06 12:07:25 AM | Target Total FLOPs (Train): 7.72 MFLOPs
10/06 12:07:25 AM | ############################################################

10/06 12:07:25 AM | [Epoch 1/5] [WARMUP] LR: 0.004000 | w_params: 0.0000
10/06 12:07:43 AM |  * Validation (Epoch 0): Acc@1 34.720 Acc@5 85.830
10/06 12:07:43 AM | ==> New best accuracy: 34.72% at epoch 1
10/06 12:07:43 AM | [Epoch 2/5] [WARMUP] LR: 0.013200 | w_params: 0.0000
10/06 12:08:05 AM |  * Validation (Epoch 1): Acc@1 35.560 Acc@5 86.380
10/06 12:08:05 AM | ==> New best accuracy: 35.56% at epoch 2
10/06 12:08:05 AM | [Epoch 3/5] [JOINT TRAINING] LR: 0.022400 | w_params: 0.0000
10/06 12:08:52 AM |  * Validation (Epoch 2): Acc@1 10.000 Acc@5 50.000
10/06 12:08:52 AM | [Epoch 4/5] [JOINT TRAINING] LR: 0.031600 | w_params: 0.5000
10/06 12:09:42 AM |  * Validation (Epoch 3): Acc@1 33.600 Acc@5 85.760
10/06 12:09:42 AM | [Epoch 5/5] [JOINT TRAINING] LR: 0.040800 | w_params: 1.0000
10/06 12:10:33 AM |  * Validation (Epoch 4): Acc@1 37.530 Acc@5 87.380
10/06 12:10:33 AM | ==> New best accuracy: 37.53% at epoch 5
10/06 12:10:33 AM | End-to-end training completed. Best validation accuracy: 37.530%
10/06 12:10:33 AM | 
############################################################
10/06 12:10:33 AM | #####      ANALYZING FINAL PRUNED MODEL STATS (UNIFIED)      #####
10/06 12:10:33 AM | ############################################################

10/06 12:10:34 AM | --- [Step 1] Baseline Full Model Stats ---
10/06 12:10:34 AM |   - Original Model Parameters: 13.520 M
10/06 12:10:34 AM |   - Original Model Max FLOPs:  112.464 M
10/06 12:10:34 AM | 
--- [Step 2] Final Static Structure Stats ---
10/06 12:10:34 AM |   - Statically Pruned Model Parameters: 6.862 M
10/06 12:10:34 AM | 
--- [Step 3] Calculating Average Dynamic FLOPs... ---
10/06 12:10:34 AM | --- [Unified FLOPs Calculator] Starting final analysis over validation set...
10/06 12:10:35 AM | --- [Unified FLOPs Calculator] Analysis complete.
10/06 12:10:35 AM |     - Average Total FLOPs: 112.021 M
10/06 12:10:35 AM | 
--- [Step 4] Pruning Analysis Summary ---
10/06 12:10:35 AM |   - Parameters: 13.520 M -> 6.862 M (Reduced by 49.25%)
10/06 12:10:35 AM |   - FLOPs:      0.112 G -> 0.112 G (Avg, Reduced by 0.39%)
10/06 12:10:35 AM | 
--- [Step 5] Final Performance Validation ---
10/06 12:10:37 AM |  * Final Performance Validation: Acc@1 37.530 Acc@5 87.380
10/06 12:10:37 AM | 
############################################################
10/06 12:10:37 AM | #####      ANALYSIS COMPLETE      #####
10/06 12:10:37 AM | ############################################################

10/06 12:10:37 AM | End-to-end pruning process finished successfully.
